#
# There is insufficient memory for the Java Runtime Environment to continue.
# Native memory allocation (malloc) failed to allocate 200016 bytes for Chunk::new
# Possible reasons:
#   The system is out of physical RAM or swap space
#   In 32 bit mode, the process size limit was hit
# Possible solutions:
#   Reduce memory load on the system
#   Increase physical memory or swap space
#   Check if swap backing store is full
#   Use 64 bit Java on a 64 bit OS
#   Decrease Java heap size (-Xmx/-Xms)
#   Decrease number of Java threads
#   Decrease Java thread stack sizes (-Xss)
#   Set larger code cache with -XX:ReservedCodeCacheSize=
# This output file may be truncated or incomplete.
#
#  Out of Memory Error (allocation.cpp:390), pid=10628, tid=13468
#
# JRE version: Java(TM) SE Runtime Environment (8.0_65-b17) (build 1.8.0_65-b17)
# Java VM: Java HotSpot(TM) 64-Bit Server VM (25.65-b01 mixed mode windows-amd64 compressed oops)
# Failed to write core dump. Minidumps are not enabled by default on client versions of Windows
#

---------------  T H R E A D  ---------------

Current thread (0x000000001733f800):  JavaThread "C2 CompilerThread0" daemon [_thread_in_native, id=13468, stack(0x0000000018990000,0x0000000018a90000)]

Stack: [0x0000000018990000,0x0000000018a90000]
[error occurred during error reporting (printing stack bounds), id 0xc0000005]

Native frames: (J=compiled Java code, j=interpreted, Vv=VM code, C=native code)


Current CompileTask:
C2:  36788 2090       4       com.sun.javafx.css.CompoundSelector::applies (144 bytes)


---------------  P R O C E S S  ---------------

Java Threads: ( => current thread )
  0x0000000018e4c000 JavaThread "GC Daemon" daemon [_thread_blocked, id=9940, stack(0x0000000024c30000,0x0000000024d30000)]
  0x0000000018e4b800 JavaThread "RMI RenewClean-[192.168.1.104:53055]" daemon [_thread_blocked, id=11812, stack(0x0000000024b30000,0x0000000024c30000)]
  0x0000000018ef4000 JavaThread "RMI Scheduler(0)" daemon [_thread_blocked, id=13652, stack(0x0000000024a30000,0x0000000024b30000)]
  0x0000000019377800 JavaThread "Prism Font Disposer" daemon [_thread_blocked, id=8788, stack(0x0000000020190000,0x0000000020290000)]
  0x000000001939a000 JavaThread "Thread-3" daemon [_thread_in_native, id=6176, stack(0x000000001e800000,0x000000001e900000)]
  0x000000001930e800 JavaThread "JavaFX-Launcher" [_thread_blocked, id=12136, stack(0x000000001e900000,0x000000001ea00000)]
  0x000000001906a000 JavaThread "JavaFX Application Thread" [_thread_in_Java, id=11096, stack(0x0000000019e30000,0x0000000019f30000)]
  0x0000000019065000 JavaThread "Thread-1" daemon [_thread_blocked, id=9944, stack(0x0000000019d30000,0x0000000019e30000)]
  0x000000001905e000 JavaThread "QuantumRenderer-0" daemon [_thread_blocked, id=12616, stack(0x0000000019a90000,0x0000000019b90000)]
  0x000000001739e000 JavaThread "Service Thread" daemon [_thread_blocked, id=8720, stack(0x0000000019090000,0x0000000019190000)]
  0x0000000017349800 JavaThread "C1 CompilerThread2" daemon [_thread_in_native, id=13092, stack(0x0000000018b90000,0x0000000018c90000)]
  0x0000000017342800 JavaThread "C2 CompilerThread1" daemon [_thread_in_native, id=9156, stack(0x0000000018a90000,0x0000000018b90000)]
=>0x000000001733f800 JavaThread "C2 CompilerThread0" daemon [_thread_in_native, id=13468, stack(0x0000000018990000,0x0000000018a90000)]
  0x000000001733e000 JavaThread "Attach Listener" daemon [_thread_blocked, id=7420, stack(0x0000000018890000,0x0000000018990000)]
  0x000000001733d000 JavaThread "Signal Dispatcher" daemon [_thread_blocked, id=3188, stack(0x0000000018790000,0x0000000018890000)]
  0x00000000027e7800 JavaThread "Finalizer" daemon [_thread_blocked, id=964, stack(0x0000000018590000,0x0000000018690000)]
  0x00000000027de800 JavaThread "Reference Handler" daemon [_thread_blocked, id=13404, stack(0x0000000018490000,0x0000000018590000)]
  0x000000000250e000 JavaThread "main" [_thread_blocked, id=13208, stack(0x00000000025f0000,0x00000000026f0000)]

Other Threads:
  0x0000000017308000 VMThread [stack: 0x0000000018390000,0x0000000018490000] [id=5152]
  0x0000000018cdd800 WatcherThread [stack: 0x0000000019190000,0x0000000019290000] [id=4612]

VM state:not at safepoint (normal execution)

VM Mutex/Monitor currently owned by a thread: None

Heap:
 PSYoungGen      total 38400K, used 2291K [0x00000000d5d80000, 0x00000000d8800000, 0x0000000100000000)
  eden space 33280K, 6% used [0x00000000d5d80000,0x00000000d5fbcdb8,0x00000000d7e00000)
  from space 5120K, 0% used [0x00000000d8300000,0x00000000d8300000,0x00000000d8800000)
  to   space 5120K, 0% used [0x00000000d7e00000,0x00000000d7e00000,0x00000000d8300000)
 ParOldGen       total 87552K, used 8972K [0x0000000081800000, 0x0000000086d80000, 0x00000000d5d80000)
  object space 87552K, 10% used [0x0000000081800000,0x00000000820c31d0,0x0000000086d80000)
 Metaspace       used 17950K, capacity 19000K, committed 19072K, reserved 1064960K
  class space    used 2641K, capacity 2875K, committed 2944K, reserved 1048576K

Card table byte_map: [0x0000000011bb0000,0x0000000011fb0000] byte_map_base: 0x00000000117a4000

Marking Bits: (ParMarkBitMap*) 0x000000005958a5b0
 Begin Bits: [0x0000000012660000, 0x0000000014600000)
 End Bits:   [0x0000000014600000, 0x00000000165a0000)

Polling page: 0x00000000024d0000

CodeCache: size=245760Kb used=6359Kb max_used=6359Kb free=239400Kb
 bounds [0x00000000027f0000, 0x0000000002e30000, 0x00000000117f0000]
 total_blobs=2770 nmethods=2105 adapters=577
 compilation: enabled

Compilation events (10 events):
Event: 36.785 Thread 0x0000000017349800 2087       3       com.sun.javafx.css.StyleClassSet::getStyleClass (32 bytes)
Event: 36.785 Thread 0x0000000017349800 nmethod 2087 0x0000000002e22d50 code [0x0000000002e22f00, 0x0000000002e23458]
Event: 36.785 Thread 0x0000000017349800 2084       3       javafx.collections.ListChangeBuilder$SingleChange::next (16 bytes)
Event: 36.785 Thread 0x0000000017349800 nmethod 2084 0x0000000002e23750 code [0x0000000002e238a0, 0x0000000002e23a50]
Event: 36.785 Thread 0x0000000017349800 2099       3       javafx.collections.ObservableListBase::fireChange (9 bytes)
Event: 36.786 Thread 0x0000000017349800 nmethod 2099 0x0000000002e23ad0 code [0x0000000002e23c60, 0x0000000002e23fd8]
Event: 36.786 Thread 0x0000000017349800 2100       3       com.sun.javafx.css.StyleCache$Key::hashCode (63 bytes)
Event: 36.786 Thread 0x0000000017349800 nmethod 2100 0x0000000002e24150 code [0x0000000002e242c0, 0x0000000002e24570]
Event: 36.786 Thread 0x0000000017349800 2093       1       javafx.scene.text.Text::access$2500 (5 bytes)
Event: 36.786 Thread 0x0000000017349800 nmethod 2093 0x0000000002e19250 code [0x0000000002e193a0, 0x0000000002e19490]

GC Heap History (6 events):
Event: 1.736 GC heap before
{Heap before GC invocations=1 (full 0):
 PSYoungGen      total 38400K, used 33280K [0x00000000d5d80000, 0x00000000d8800000, 0x0000000100000000)
  eden space 33280K, 100% used [0x00000000d5d80000,0x00000000d7e00000,0x00000000d7e00000)
  from space 5120K, 0% used [0x00000000d8300000,0x00000000d8300000,0x00000000d8800000)
  to   space 5120K, 0% used [0x00000000d7e00000,0x00000000d7e00000,0x00000000d8300000)
 ParOldGen       total 87552K, used 0K [0x0000000081800000, 0x0000000086d80000, 0x00000000d5d80000)
  object space 87552K, 0% used [0x0000000081800000,0x0000000081800000,0x0000000086d80000)
 Metaspace       used 14373K, capacity 15018K, committed 15232K, reserved 1062912K
  class space    used 2140K, capacity 2328K, committed 2432K, reserved 1048576K
Event: 1.743 GC heap after
Heap after GC invocations=1 (full 0):
 PSYoungGen      total 38400K, used 5046K [0x00000000d5d80000, 0x00000000d8800000, 0x0000000100000000)
  eden space 33280K, 0% used [0x00000000d5d80000,0x00000000d5d80000,0x00000000d7e00000)
  from space 5120K, 98% used [0x00000000d7e00000,0x00000000d82ed838,0x00000000d8300000)
  to   space 5120K, 0% used [0x00000000d8300000,0x00000000d8300000,0x00000000d8800000)
 ParOldGen       total 87552K, used 16K [0x0000000081800000, 0x0000000086d80000, 0x00000000d5d80000)
  object space 87552K, 0% used [0x0000000081800000,0x0000000081804000,0x0000000086d80000)
 Metaspace       used 14373K, capacity 15018K, committed 15232K, reserved 1062912K
  class space    used 2140K, capacity 2328K, committed 2432K, reserved 1048576K
}
Event: 36.334 GC heap before
{Heap before GC invocations=2 (full 0):
 PSYoungGen      total 38400K, used 17527K [0x00000000d5d80000, 0x00000000d8800000, 0x0000000100000000)
  eden space 33280K, 37% used [0x00000000d5d80000,0x00000000d69b0798,0x00000000d7e00000)
  from space 5120K, 98% used [0x00000000d7e00000,0x00000000d82ed838,0x00000000d8300000)
  to   space 5120K, 0% used [0x00000000d8300000,0x00000000d8300000,0x00000000d8800000)
 ParOldGen       total 87552K, used 16K [0x0000000081800000, 0x0000000086d80000, 0x00000000d5d80000)
  object space 87552K, 0% used [0x0000000081800000,0x0000000081804000,0x0000000086d80000)
 Metaspace       used 17804K, capacity 18718K, committed 19072K, reserved 1064960K
  class space    used 2618K, capacity 2834K, committed 2944K, reserved 1048576K
Event: 36.344 GC heap after
Heap after GC invocations=2 (full 0):
 PSYoungGen      total 38400K, used 5098K [0x00000000d5d80000, 0x00000000d8800000, 0x0000000100000000)
  eden space 33280K, 0% used [0x00000000d5d80000,0x00000000d5d80000,0x00000000d7e00000)
  from space 5120K, 99% used [0x00000000d8300000,0x00000000d87faa88,0x00000000d8800000)
  to   space 5120K, 0% used [0x00000000d7e00000,0x00000000d7e00000,0x00000000d8300000)
 ParOldGen       total 87552K, used 3933K [0x0000000081800000, 0x0000000086d80000, 0x00000000d5d80000)
  object space 87552K, 4% used [0x0000000081800000,0x0000000081bd7480,0x0000000086d80000)
 Metaspace       used 17804K, capacity 18718K, committed 19072K, reserved 1064960K
  class space    used 2618K, capacity 2834K, committed 2944K, reserved 1048576K
}
Event: 36.344 GC heap before
{Heap before GC invocations=3 (full 1):
 PSYoungGen      total 38400K, used 5098K [0x00000000d5d80000, 0x00000000d8800000, 0x0000000100000000)
  eden space 33280K, 0% used [0x00000000d5d80000,0x00000000d5d80000,0x00000000d7e00000)
  from space 5120K, 99% used [0x00000000d8300000,0x00000000d87faa88,0x00000000d8800000)
  to   space 5120K, 0% used [0x00000000d7e00000,0x00000000d7e00000,0x00000000d8300000)
 ParOldGen       total 87552K, used 3933K [0x0000000081800000, 0x0000000086d80000, 0x00000000d5d80000)
  object space 87552K, 4% used [0x0000000081800000,0x0000000081bd7480,0x0000000086d80000)
 Metaspace       used 17804K, capacity 18718K, committed 19072K, reserved 1064960K
  class space    used 2618K, capacity 2834K, committed 2944K, reserved 1048576K
Event: 36.400 GC heap after
Heap after GC invocations=3 (full 1):
 PSYoungGen      total 38400K, used 0K [0x00000000d5d80000, 0x00000000d8800000, 0x0000000100000000)
  eden space 33280K, 0% used [0x00000000d5d80000,0x00000000d5d80000,0x00000000d7e00000)
  from space 5120K, 0% used [0x00000000d8300000,0x00000000d8300000,0x00000000d8800000)
  to   space 5120K, 0% used [0x00000000d7e00000,0x00000000d7e00000,0x00000000d8300000)
 ParOldGen       total 87552K, used 8972K [0x0000000081800000, 0x0000000086d80000, 0x00000000d5d80000)
  object space 87552K, 10% used [0x0000000081800000,0x00000000820c31d0,0x0000000086d80000)
 Metaspace       used 17804K, capacity 18718K, committed 19072K, reserved 1064960K
  class space    used 2618K, capacity 2834K, committed 2944K, reserved 1048576K
}

Deoptimization events (10 events):
Event: 1.438 Thread 0x000000001906a000 Uncommon trap: reason=unstable_if action=reinterpret pc=0x00000000029c2fc0 method=java.lang.CharacterData.of(I)Ljava/lang/CharacterData; @ 4
Event: 1.502 Thread 0x000000001906a000 Uncommon trap: reason=unstable_if action=reinterpret pc=0x0000000002ad1b1c method=sun.net.www.ParseUtil.encodePath(Ljava/lang/String;Z)Ljava/lang/String; @ 109
Event: 1.546 Thread 0x000000001906a000 Uncommon trap: reason=unstable_if action=reinterpret pc=0x0000000002b7b690 method=java.util.HashMap.isEmpty()Z @ 4
Event: 1.644 Thread 0x000000001906a000 Uncommon trap: reason=array_check action=maybe_recompile pc=0x0000000002be1284 method=com.sun.javafx.css.SimpleSelector.applies(Ljavafx/css/Styleable;[Ljava/util/Set;I)Z @ 37
Event: 1.644 Thread 0x000000001906a000 Uncommon trap: reason=array_check action=maybe_recompile pc=0x0000000002be1284 method=com.sun.javafx.css.SimpleSelector.applies(Ljavafx/css/Styleable;[Ljava/util/Set;I)Z @ 37
Event: 1.644 Thread 0x000000001906a000 Uncommon trap: reason=array_check action=maybe_recompile pc=0x0000000002be1284 method=com.sun.javafx.css.SimpleSelector.applies(Ljavafx/css/Styleable;[Ljava/util/Set;I)Z @ 37
Event: 1.647 Thread 0x000000001906a000 Uncommon trap: reason=array_check action=maybe_recompile pc=0x0000000002be1284 method=com.sun.javafx.css.SimpleSelector.applies(Ljavafx/css/Styleable;[Ljava/util/Set;I)Z @ 37
Event: 1.686 Thread 0x000000001906a000 Uncommon trap: reason=array_check action=maybe_recompile pc=0x0000000002bf33bc method=com.sun.javafx.css.SimpleSelector.applies(Ljavafx/css/Styleable;[Ljava/util/Set;I)Z @ 37
Event: 36.018 Thread 0x000000001906a000 Uncommon trap: reason=unstable_if action=reinterpret pc=0x0000000002aa89e8 method=jdk.internal.org.objectweb.asm.Type.getArgumentsAndReturnSizes(Ljava/lang/String;)I @ 47
Event: 36.776 Thread 0x000000001906a000 Uncommon trap: reason=unstable_if action=reinterpret pc=0x0000000002c6fe18 method=javafx.scene.CssStyleHelper.lookup(Ljavafx/css/Styleable;Ljavafx/css/CssMetaData;Lcom/sun/javafx/css/StyleMap;Ljava/util/Set;Ljavafx/css/Styleable;Lcom/sun/javafx/css/Calculaî˜º+»

Internal exceptions (10 events):
Event: 1.206 Thread 0x000000001906a000 Implicit null exception at 0x0000000002a32cf5 to 0x0000000002a32ec5
Event: 1.489 Thread 0x000000001906a000 Exception <a 'java/io/FileNotFoundException'> (0x00000000d776c250) thrown at [C:\workspace\8-2-build-windows-amd64-cygwin\jdk8u65\4987\hotspot\src\share\vm\prims\jni.cpp, line 709]
Event: 1.489 Thread 0x000000001906a000 Exception <a 'java/io/FileNotFoundException'> (0x00000000d776d558) thrown at [C:\workspace\8-2-build-windows-amd64-cygwin\jdk8u65\4987\hotspot\src\share\vm\prims\jni.cpp, line 709]
Event: 1.490 Thread 0x000000001906a000 Exception <a 'java/io/FileNotFoundException'> (0x00000000d77730d0) thrown at [C:\workspace\8-2-build-windows-amd64-cygwin\jdk8u65\4987\hotspot\src\share\vm\prims\jni.cpp, line 709]
Event: 1.491 Thread 0x000000001906a000 Exception <a 'java/io/FileNotFoundException'> (0x00000000d7774348) thrown at [C:\workspace\8-2-build-windows-amd64-cygwin\jdk8u65\4987\hotspot\src\share\vm\prims\jni.cpp, line 709]
Event: 2.024 Thread 0x000000001905e000 Exception <a 'java/lang/NullPointerException'> (0x00000000d63b92e8) thrown at [C:\workspace\8-2-build-windows-amd64-cygwin\jdk8u65\4987\hotspot\src\share\vm\interpreter\linkResolver.cpp, line 1280]
Event: 36.404 Thread 0x000000001906a000 Exception <a 'java/lang/NoSuchMethodError': <clinit>> (0x00000000d5d86190) thrown at [C:\workspace\8-2-build-windows-amd64-cygwin\jdk8u65\4987\hotspot\src\share\vm\prims\jni.cpp, line 1591]
Event: 36.409 Thread 0x000000001906a000 Exception <a 'java/lang/NoSuchMethodError': <clinit>> (0x00000000d5da49d0) thrown at [C:\workspace\8-2-build-windows-amd64-cygwin\jdk8u65\4987\hotspot\src\share\vm\prims\jni.cpp, line 1591]
Event: 36.416 Thread 0x0000000018e4b800 Exception <a 'java/lang/InterruptedException'> (0x00000000d5e62bc8) thrown at [C:\workspace\8-2-build-windows-amd64-cygwin\jdk8u65\4987\hotspot\src\share\vm\runtime\objectMonitor.cpp, line 1683]
Event: 36.762 Thread 0x000000001906a000 Exception <a 'java/lang/NoSuchMethodError': <clinit>> (0x00000000d5dc3b88) thrown at [C:\workspace\8-2-build-windows-amd64-cygwin\jdk8u65\4987\hotspot\src\share\vm\prims\jni.cpp, line 1591]

Events (10 events):
Event: 36.772 loading class com/sun/javafx/tk/quantum/WindowStage done
Event: 36.773 loading class com/sun/prism/GraphicsResource
Event: 36.773 loading class com/sun/prism/GraphicsResource done
Event: 36.773 loading class com/sun/prism/GraphicsResource
Event: 36.773 loading class com/sun/prism/GraphicsResource done
Event: 36.774 loading class com/sun/javafx/tk/quantum/ViewScene
Event: 36.774 loading class com/sun/javafx/tk/quantum/ViewScene done
Event: 36.776 Thread 0x000000001906a000 Uncommon trap: trap_request=0xffffff65 fr.pc=0x0000000002c6fe18
Event: 36.776 Thread 0x000000001906a000 DEOPT PACKING pc=0x0000000002c6fe18 sp=0x0000000019f2c3e0
Event: 36.776 Thread 0x000000001906a000 DEOPT UNPACKING pc=0x000000000283582a sp=0x0000000019f2c378 mode 2


Dynamic libraries:
0x00007ff7f0710000 - 0x00007ff7f0747000 	C:\Program Files\Java\jdk1.8.0_65\bin\java.exe
0x00007ff8e1ea0000 - 0x00007ff8e2090000 	C:\WINDOWS\SYSTEM32\ntdll.dll
0x00007ff8e0c00000 - 0x00007ff8e0cb2000 	C:\WINDOWS\System32\KERNEL32.DLL
0x00007ff8df400000 - 0x00007ff8df6a5000 	C:\WINDOWS\System32\KERNELBASE.dll
0x00007ff8e1ac0000 - 0x00007ff8e1b63000 	C:\WINDOWS\System32\ADVAPI32.dll
0x00007ff8e0d50000 - 0x00007ff8e0dee000 	C:\WINDOWS\System32\msvcrt.dll
0x00007ff8e00f0000 - 0x00007ff8e0187000 	C:\WINDOWS\System32\sechost.dll
0x00007ff8e1250000 - 0x00007ff8e136f000 	C:\WINDOWS\System32\RPCRT4.dll
0x00007ff8e13d0000 - 0x00007ff8e1564000 	C:\WINDOWS\System32\USER32.dll
0x00007ff8dfe30000 - 0x00007ff8dfe51000 	C:\WINDOWS\System32\win32u.dll
0x00007ff8e09e0000 - 0x00007ff8e0a06000 	C:\WINDOWS\System32\GDI32.dll
0x00007ff8df0d0000 - 0x00007ff8df268000 	C:\WINDOWS\System32\gdi32full.dll
0x00007ff8dfeb0000 - 0x00007ff8dff4e000 	C:\WINDOWS\System32\msvcp_win.dll
0x00007ff8df300000 - 0x00007ff8df3fa000 	C:\WINDOWS\System32\ucrtbase.dll
0x00007ff8c9b20000 - 0x00007ff8c9da4000 	C:\WINDOWS\WinSxS\amd64_microsoft.windows.common-controls_6595b64144ccf1df_6.0.18362.1379_none_9e7ff3b3e45cc0c4\COMCTL32.dll
0x00007ff8e0df0000 - 0x00007ff8e1127000 	C:\WINDOWS\System32\combase.dll
0x00007ff8def70000 - 0x00007ff8deff1000 	C:\WINDOWS\System32\bcryptPrimitives.dll
0x00007ff8e00c0000 - 0x00007ff8e00ee000 	C:\WINDOWS\System32\IMM32.DLL
0x0000000058ca0000 - 0x0000000058d72000 	C:\Program Files\Java\jdk1.8.0_65\jre\bin\msvcr100.dll
0x0000000058d80000 - 0x0000000059609000 	C:\Program Files\Java\jdk1.8.0_65\jre\bin\server\jvm.dll
0x00007ff8e0020000 - 0x00007ff8e0028000 	C:\WINDOWS\System32\PSAPI.DLL
0x00007ff8daa80000 - 0x00007ff8daaa4000 	C:\WINDOWS\SYSTEM32\WINMM.dll
0x00007ff8cd870000 - 0x00007ff8cd87a000 	C:\WINDOWS\SYSTEM32\VERSION.dll
0x00007ff8d7a20000 - 0x00007ff8d7a29000 	C:\WINDOWS\SYSTEM32\WSOCK32.dll
0x0000000002460000 - 0x00000000024cf000 	C:\WINDOWS\System32\ws2_32.DLL
0x00007ff8daa50000 - 0x00007ff8daa7d000 	C:\WINDOWS\SYSTEM32\WINMMBASE.dll
0x00007ff8dfe60000 - 0x00007ff8dfeaa000 	C:\WINDOWS\System32\cfgmgr32.dll
0x0000000058c50000 - 0x0000000058c5f000 	C:\Program Files\Java\jdk1.8.0_65\jre\bin\verify.dll
0x0000000058c20000 - 0x0000000058c49000 	C:\Program Files\Java\jdk1.8.0_65\jre\bin\java.dll
0x0000000058c00000 - 0x0000000058c16000 	C:\Program Files\Java\jdk1.8.0_65\jre\bin\zip.dll
0x00007ff8e0190000 - 0x00007ff8e0878000 	C:\WINDOWS\System32\SHELL32.dll
0x00007ff8e11a0000 - 0x00007ff8e1247000 	C:\WINDOWS\System32\shcore.dll
0x00007ff8df6b0000 - 0x00007ff8dfe2b000 	C:\WINDOWS\System32\windows.storage.dll
0x00007ff8dedf0000 - 0x00007ff8dee13000 	C:\WINDOWS\System32\profapi.dll
0x00007ff8deda0000 - 0x00007ff8dedea000 	C:\WINDOWS\System32\powrprof.dll
0x00007ff8ded50000 - 0x00007ff8ded60000 	C:\WINDOWS\System32\UMPDC.dll
0x00007ff8e1a60000 - 0x00007ff8e1ab2000 	C:\WINDOWS\System32\shlwapi.dll
0x00007ff8ded80000 - 0x00007ff8ded91000 	C:\WINDOWS\System32\kernel.appcore.dll
0x00007ff8df0b0000 - 0x00007ff8df0c7000 	C:\WINDOWS\System32\cryptsp.dll
0x00007ff8c02a0000 - 0x00007ff8c038f000 	C:\Program Files\Java\jdk1.8.0_65\jre\bin\msvcr120.dll
0x00007ff8bdc30000 - 0x00007ff8bdcd6000 	C:\Program Files\Java\jdk1.8.0_65\jre\bin\msvcp120.dll
0x00000000588d0000 - 0x00000000588f3000 	C:\Program Files\Java\jdk1.8.0_65\jre\bin\prism_d3d.dll
0x00007ff8adce0000 - 0x00007ff8adea7000 	C:\WINDOWS\system32\d3d9.dll
0x00007ff8dce90000 - 0x00007ff8dcebd000 	C:\WINDOWS\SYSTEM32\dwmapi.dll
0x00007ff8dd990000 - 0x00007ff8dd9b0000 	C:\WINDOWS\SYSTEM32\dxcore.dll
0x00007ff8dc980000 - 0x00007ff8dca19000 	C:\WINDOWS\system32\uxtheme.dll
0x00007ff88b800000 - 0x00007ff88dd3e000 	C:\WINDOWS\SYSTEM32\igdumdim64.dll
0x00007ff8e0a80000 - 0x00007ff8e0b45000 	C:\WINDOWS\System32\OLEAUT32.dll
0x00007ff8e0880000 - 0x00007ff8e09d7000 	C:\WINDOWS\System32\ole32.dll
0x00007ff8e1570000 - 0x00007ff8e19e0000 	C:\WINDOWS\System32\SETUPAPI.dll
0x00007ff8df270000 - 0x00007ff8df296000 	C:\WINDOWS\System32\bcrypt.dll
0x0000000058710000 - 0x0000000058753000 	C:\Program Files\Java\jdk1.8.0_65\jre\bin\glass.dll
0x00007ff8dff50000 - 0x00007ff8e0020000 	C:\WINDOWS\System32\COMDLG32.dll
0x00007ff8e1d20000 - 0x00007ff8e1e55000 	C:\WINDOWS\System32\MSCTF.dll
0x00007ff8d55b0000 - 0x00007ff8d5fef000 	C:\WINDOWS\SYSTEM32\igdusc64.dll
0x00000000588b0000 - 0x00000000588c4000 	C:\Program Files\Java\jdk1.8.0_65\jre\bin\javafx_font.dll
0x00007ff8d0280000 - 0x00007ff8d057e000 	C:\WINDOWS\SYSTEM32\dwrite.dll
0x00007ff8de110000 - 0x00007ff8de143000 	C:\WINDOWS\system32\rsaenh.dll
0x00007ff8dec30000 - 0x00007ff8dec55000 	C:\WINDOWS\SYSTEM32\USERENV.dll
0x00007ff8de760000 - 0x00007ff8de76c000 	C:\WINDOWS\SYSTEM32\CRYPTBASE.dll
0x0000000058be0000 - 0x0000000058bfa000 	C:\Program Files\Java\jdk1.8.0_65\jre\bin\net.dll
0x00007ff8de590000 - 0x00007ff8de5f7000 	C:\WINDOWS\system32\mswsock.dll
0x00007ff8de2a0000 - 0x00007ff8de2da000 	C:\WINDOWS\SYSTEM32\IPHLPAPI.DLL
0x00007ff8e00b0000 - 0x00007ff8e00b8000 	C:\WINDOWS\System32\NSI.dll
0x00007ff8d2430000 - 0x00007ff8d2446000 	C:\WINDOWS\SYSTEM32\dhcpcsvc6.DLL
0x00007ff8d28b0000 - 0x00007ff8d28cc000 	C:\WINDOWS\SYSTEM32\dhcpcsvc.DLL
0x00007ff8de2e0000 - 0x00007ff8de3ab000 	C:\WINDOWS\SYSTEM32\DNSAPI.dll
0x0000000058bc0000 - 0x0000000058bd1000 	C:\Program Files\Java\jdk1.8.0_65\jre\bin\nio.dll
0x00007ff8e0b50000 - 0x00007ff8e0bf2000 	C:\WINDOWS\System32\clbcatq.dll
0x00007ff8d9310000 - 0x00007ff8d94bf000 	C:\WINDOWS\SYSTEM32\WindowsCodecs.dll
0x00007ff8b3e50000 - 0x00007ff8b3e8b000 	C:\WINDOWS\system32\dataexchange.dll
0x00007ff8dbad0000 - 0x00007ff8dbd2b000 	C:\WINDOWS\system32\d3d11.dll
0x00007ff8db450000 - 0x00007ff8db62d000 	C:\WINDOWS\system32\dcomp.dll
0x00007ff8dda20000 - 0x00007ff8ddb0b000 	C:\WINDOWS\system32\dxgi.dll
0x00007ff8dcb40000 - 0x00007ff8dcd9a000 	C:\WINDOWS\system32\twinapi.appcore.dll
0x00007ff8dd050000 - 0x00007ff8dd079000 	C:\WINDOWS\system32\RMCLIENT.dll
0x00007ff8da610000 - 0x00007ff8da643000 	C:\Program Files\Common Files\Microsoft Shared\Ink\rtscom.dll
0x00007ff8d2660000 - 0x00007ff8d26fd000 	C:\WINDOWS\System32\TextInputFramework.dll
0x00007ff8dbd30000 - 0x00007ff8dbe04000 	C:\WINDOWS\System32\CoreMessaging.dll
0x00007ff8d9750000 - 0x00007ff8d9a7a000 	C:\WINDOWS\System32\CoreUIComponents.dll
0x00007ff8ddd90000 - 0x00007ff8dddc1000 	C:\WINDOWS\SYSTEM32\ntmarta.dll
0x00007ff8da820000 - 0x00007ff8da972000 	C:\WINDOWS\SYSTEM32\wintypes.dll
0x00007ff8d0dd0000 - 0x00007ff8d1077000 	C:\WINDOWS\System32\iertutil.dll
0x00007ff8dae90000 - 0x00007ff8db450000 	C:\WINDOWS\SYSTEM32\d2d1.dll
0x00007ff8d6f50000 - 0x00007ff8d7691000 	C:\WINDOWS\SYSTEM32\D3D10Warp.dll
0x00000000586f0000 - 0x0000000058701000 	C:\Program Files\Java\jdk1.8.0_65\jre\bin\prism_common.dll
0x00007ff8ca3d0000 - 0x00007ff8ca3e6000 	C:\WINDOWS\system32\napinsp.dll
0x00007ff8ca390000 - 0x00007ff8ca3aa000 	C:\WINDOWS\system32\pnrpnsp.dll
0x00007ff8ca3c0000 - 0x00007ff8ca3ce000 	C:\WINDOWS\System32\winrnr.dll
0x00007ff8da5b0000 - 0x00007ff8da5cc000 	C:\WINDOWS\system32\NLAapi.dll
0x00007ff8d36a0000 - 0x00007ff8d36b5000 	C:\WINDOWS\system32\wshbth.dll
0x00007ff8d3900000 - 0x00007ff8d390a000 	C:\Windows\System32\rasadhlp.dll
0x00007ff8d22f0000 - 0x00007ff8d2367000 	C:\WINDOWS\System32\fwpuclnt.dll

VM Arguments:
jvm_args: -Dfile.encoding=UTF-8 
java_command: universityteachersevaluation.UniversityTeachersEvaluation
java_class_path (initial): C:\Users\kk\Documents\NetBeansProjects\CostSharing\dist\lib\fontawesomefx-8.1.jar;C:\Users\kk\Documents\NetBeansProjects\JDBC\dist\lib\mysql-connector-java-5.1.23-bin.jar;C:\Users\kk\Documents\NetBeansProjects\UniversityTeachersEvaluation\build\classes
Launcher Type: SUN_STANDARD

Environment Variables:
JAVA_HOME=C:\Program Files\Java\jdk1.8.0_65
PATH=C:\Ruby25-x64\bin;C:\Python27\;C:\Python27\Scripts;C:\Users\kk\AppData\Local\Programs\Python\Python35\Lib\site-packages\PyQt5;C:\Python35\Lib\site-packages\PyQt5;C:\ProgramData\Oracle\Java\javapath;C:\WINDOWS\system32;C:\WINDOWS;C:\WINDOWS\System32\Wbem;C:\WINDOWS\System32\WindowsPowerShell\v1.0\;C:\WINDOWS\System32\OpenSSH\;C:\Program Files\Dart\dart-sdk\bin;C:\Program Files (x86)\GtkSharp\2.12\bin;C:\Program Files\Git\cmd;C:\Program Files\Microsoft SQL Server\Client SDK\ODBC\130\Tools\Binn\;C:\Program Files (x86)\Microsoft SQL Server\140\Tools\Binn\;C:\Program Files\Microsoft SQL Server\140\Tools\Binn\;C:\Program Files\Microsoft SQL Server\140\DTS\Binn\;C:\Program Files (x86)\Microsoft SQL Server\150\DTS\Binn\;C:\Program Files\Microsoft SQL Server\130\Tools\Binn\;C:\Users\kk\AppData\Local\Android\Sdk\platform-tools\;C:\flu\flutter\flutter\bin;C:\Program Files (x86)\Yarn\bin\;C:\Users\kk\AppData\Roaming\npm;C:\Program Files\MongoDB\Server\4.2\bin;C:\node-v12.14.1-win-x64;C:\node-v12.14.1-win-x64\node-v12.14.1-win-x64;C:\Users\kk\AppData\Local\Yarn\bin;C:\Program Files\PuTTY\;C:\dart-sdk;C:\Python35;C:\Users\kk\AppData\Roaming\Microsoft\Windows\Start Menu\Programs\Python 3.7;C:\HashiCorp\Vagrant\bin;C:\Go\bin;D:\Season 01\apache-maven-3.6.3\bin;C:\spring-1.3.5.BUILD-SNAPSHOT\bin;C:\Program Files\Java\jdk1.8.0_65\bin;C:\Program Files (x86)\Common Files\lenovo\easyplussdk\bin;C:\wamp64\bin\php\php5.6.40;C:\composer;C:\Users\kk\AppData\Local\Programs\Python\Python37\Scripts\;C:\Users\kk\AppData\Local\Programs\Python\Python37\;C:\Program Files\MySQL\MySQL Shell 8.0\bin\;C:\Users\kk\AppData\Local\Programs\Microsoft VS Code\bin;C:\Users\kk\go\bin;C:\Users\kk\AppData\Local\Microsoft\WindowsApps;C:\flutter\flutter\bin;C:\Users\kk\AppData\Roaming\Composer\vendor\bin
USERNAME=kk
OS=Windows_NT
PROCESSOR_IDENTIFIER=Intel64 Family 6 Model 69 Stepping 1, GenuineIntel



---------------  S Y S T E M  ---------------

OS: Windows 10.0 , 64 bit Build 18362 (10.0.18362.1350)

CPU:total 4 (2 cores per cpu, 2 threads per core) family 6 model 69 stepping 1, cmov, cx8, fxsr, mmx, sse, sse2, sse3, ssse3, sse4.1, sse4.2, popcnt, avx, avx2, aes, clmul, erms, lzcnt, ht, tsc, tscinvbit, bmi1, bmi2

Memory: 4k page, physical 8283244k(1482820k free), swap 8283244k(5164k free)

vm_info: Java HotSpot(TM) 64-Bit Server VM (25.65-b01) for windows-amd64 JRE (1.8.0_65-b17), built on Oct  6 2015 16:39:20 by "java_re" with MS VC++ 10.0 (VS2010)

time: Sat Mar 06 09:55:05 2021
elapsed time: 36 seconds (0d 0h 0m 36s)

