#
# There is insufficient memory for the Java Runtime Environment to continue.
# Native memory allocation (malloc) failed to allocate 32744 bytes for ChunkPool::allocate
# Possible reasons:
#   The system is out of physical RAM or swap space
#   In 32 bit mode, the process size limit was hit
# Possible solutions:
#   Reduce memory load on the system
#   Increase physical memory or swap space
#   Check if swap backing store is full
#   Use 64 bit Java on a 64 bit OS
#   Decrease Java heap size (-Xmx/-Xms)
#   Decrease number of Java threads
#   Decrease Java thread stack sizes (-Xss)
#   Set larger code cache with -XX:ReservedCodeCacheSize=
# This output file may be truncated or incomplete.
#
#  Out of Memory Error (allocation.cpp:273), pid=13688, tid=1848
#
# JRE version: Java(TM) SE Runtime Environment (8.0_65-b17) (build 1.8.0_65-b17)
# Java VM: Java HotSpot(TM) 64-Bit Server VM (25.65-b01 mixed mode windows-amd64 compressed oops)
# Failed to write core dump. Minidumps are not enabled by default on client versions of Windows
#

---------------  T H R E A D  ---------------

Current thread (0x0000000017bb5800):  JavaThread "C1 CompilerThread2" daemon [_thread_in_native, id=1848, stack(0x0000000019410000,0x0000000019510000)]

Stack: [0x0000000019410000,0x0000000019510000]
[error occurred during error reporting (printing stack bounds), id 0xc0000005]

Native frames: (J=compiled Java code, j=interpreted, Vv=VM code, C=native code)


Current CompileTask:
C1:   8343 1963       3       com.sun.javafx.sg.prism.NGRegion::renderBackgroundRectangle (1152 bytes)


---------------  P R O C E S S  ---------------

Java Threads: ( => current thread )
  0x0000000019c06800 JavaThread "Prism Font Disposer" daemon [_thread_blocked, id=4260, stack(0x00000000209e0000,0x0000000020ae0000)]
  0x0000000019c5f800 JavaThread "Thread-3" daemon [_thread_in_native, id=14232, stack(0x000000001f050000,0x000000001f150000)]
  0x0000000019c5e800 JavaThread "JavaFX-Launcher" [_thread_blocked, id=1156, stack(0x000000001f150000,0x000000001f250000)]
  0x00000000198fd800 JavaThread "JavaFX Application Thread" [_thread_blocked, id=9280, stack(0x000000001a670000,0x000000001a770000)]
  0x00000000198fc800 JavaThread "Thread-1" daemon [_thread_blocked, id=14284, stack(0x000000001a570000,0x000000001a670000)]
  0x00000000198dd000 JavaThread "QuantumRenderer-0" daemon [_thread_in_native, id=4040, stack(0x000000001a310000,0x000000001a410000)]
  0x0000000019538800 JavaThread "Service Thread" daemon [_thread_blocked, id=13412, stack(0x0000000019910000,0x0000000019a10000)]
=>0x0000000017bb5800 JavaThread "C1 CompilerThread2" daemon [_thread_in_native, id=1848, stack(0x0000000019410000,0x0000000019510000)]
  0x0000000017bb2800 JavaThread "C2 CompilerThread1" daemon [_thread_in_native, id=2680, stack(0x0000000019310000,0x0000000019410000)]
  0x0000000017bb0000 JavaThread "C2 CompilerThread0" daemon [_thread_blocked, id=4776, stack(0x0000000019210000,0x0000000019310000)]
  0x0000000017baf000 JavaThread "Attach Listener" daemon [_thread_blocked, id=11508, stack(0x0000000019110000,0x0000000019210000)]
  0x0000000017bae000 JavaThread "Signal Dispatcher" daemon [_thread_blocked, id=9332, stack(0x0000000019010000,0x0000000019110000)]
  0x0000000003059000 JavaThread "Finalizer" daemon [_thread_blocked, id=2204, stack(0x0000000018e10000,0x0000000018f10000)]
  0x0000000017b79000 JavaThread "Reference Handler" daemon [_thread_blocked, id=11968, stack(0x0000000018d10000,0x0000000018e10000)]
  0x000000000158e000 JavaThread "main" [_thread_blocked, id=12304, stack(0x0000000002e10000,0x0000000002f10000)]

Other Threads:
  0x0000000017b77800 VMThread [stack: 0x0000000018c10000,0x0000000018d10000] [id=7300]
  0x0000000017bf7000 WatcherThread [stack: 0x0000000019a10000,0x0000000019b10000] [id=11312]

VM state:not at safepoint (normal execution)

VM Mutex/Monitor currently owned by a thread: None

Heap:
 PSYoungGen      total 38400K, used 14971K [0x00000000d5d80000, 0x00000000d8800000, 0x0000000100000000)
  eden space 33280K, 29% used [0x00000000d5d80000,0x00000000d673dc90,0x00000000d7e00000)
  from space 5120K, 97% used [0x00000000d7e00000,0x00000000d82e1170,0x00000000d8300000)
  to   space 5120K, 0% used [0x00000000d8300000,0x00000000d8300000,0x00000000d8800000)
 ParOldGen       total 87552K, used 16K [0x0000000081800000, 0x0000000086d80000, 0x00000000d5d80000)
  object space 87552K, 0% used [0x0000000081800000,0x0000000081804000,0x0000000086d80000)
 Metaspace       used 15947K, capacity 16754K, committed 16896K, reserved 1062912K
  class space    used 2323K, capacity 2530K, committed 2560K, reserved 1048576K

Card table byte_map: [0x0000000012420000,0x0000000012820000] byte_map_base: 0x0000000012014000

Marking Bits: (ParMarkBitMap*) 0x000000005958a5b0
 Begin Bits: [0x0000000012ed0000, 0x0000000014e70000)
 End Bits:   [0x0000000014e70000, 0x0000000016e10000)

Polling page: 0x0000000001560000

CodeCache: size=245760Kb used=6140Kb max_used=6140Kb free=239619Kb
 bounds [0x0000000003060000, 0x0000000003670000, 0x0000000012060000]
 total_blobs=2615 nmethods=1960 adapters=567
 compilation: enabled

Compilation events (10 events):
Event: 8.323 Thread 0x0000000017bb5800 1958       3       com.sun.javafx.sg.prism.NGGroup::clearDirty (21 bytes)
Event: 8.324 Thread 0x0000000017bb5800 nmethod 1958 0x00000000036609d0 code [0x0000000003660b60, 0x0000000003660f18]
Event: 8.324 Thread 0x0000000017bb5800 1959       3       com.sun.javafx.sg.prism.NGGroup::needsBlending (15 bytes)
Event: 8.324 Thread 0x0000000017bb5800 nmethod 1959 0x0000000003661050 code [0x00000000036611a0, 0x00000000036613f0]
Event: 8.324 Thread 0x0000000017bb5800 1960       3       java.lang.Math::floor (5 bytes)
Event: 8.325 Thread 0x0000000017bb5800 nmethod 1960 0x0000000003661490 code [0x0000000003661620, 0x00000000036617e8]
Event: 8.325 Thread 0x0000000017bb5800 1962       3       com.sun.javafx.geom.RectBounds::deriveWithNewBounds (80 bytes)
Event: 8.326 Thread 0x0000000017bb5800 nmethod 1962 0x00000000036618d0 code [0x0000000003661a60, 0x0000000003662108]
Event: 8.326 Thread 0x0000000017bb5800 1963       3       com.sun.javafx.sg.prism.NGRegion::renderBackgroundRectangle (1152 bytes)
Event: 8.332 Thread 0x0000000017bb2800 1965       4       java.util.WeakHashMap::get (77 bytes)

GC Heap History (2 events):
Event: 1.957 GC heap before
{Heap before GC invocations=1 (full 0):
 PSYoungGen      total 38400K, used 33280K [0x00000000d5d80000, 0x00000000d8800000, 0x0000000100000000)
  eden space 33280K, 100% used [0x00000000d5d80000,0x00000000d7e00000,0x00000000d7e00000)
  from space 5120K, 0% used [0x00000000d8300000,0x00000000d8300000,0x00000000d8800000)
  to   space 5120K, 0% used [0x00000000d7e00000,0x00000000d7e00000,0x00000000d8300000)
 ParOldGen       total 87552K, used 0K [0x0000000081800000, 0x0000000086d80000, 0x00000000d5d80000)
  object space 87552K, 0% used [0x0000000081800000,0x0000000081800000,0x0000000086d80000)
 Metaspace       used 14296K, capacity 14902K, committed 15104K, reserved 1062912K
  class space    used 2132K, capacity 2296K, committed 2304K, reserved 1048576K
Event: 1.965 GC heap after
Heap after GC invocations=1 (full 0):
 PSYoungGen      total 38400K, used 4996K [0x00000000d5d80000, 0x00000000d8800000, 0x0000000100000000)
  eden space 33280K, 0% used [0x00000000d5d80000,0x00000000d5d80000,0x00000000d7e00000)
  from space 5120K, 97% used [0x00000000d7e00000,0x00000000d82e1170,0x00000000d8300000)
  to   space 5120K, 0% used [0x00000000d8300000,0x00000000d8300000,0x00000000d8800000)
 ParOldGen       total 87552K, used 16K [0x0000000081800000, 0x0000000086d80000, 0x00000000d5d80000)
  object space 87552K, 0% used [0x0000000081800000,0x0000000081804000,0x0000000086d80000)
 Metaspace       used 14296K, capacity 14902K, committed 15104K, reserved 1062912K
  class space    used 2132K, capacity 2296K, committed 2304K, reserved 1048576K
}

Deoptimization events (10 events):
Event: 1.621 Thread 0x00000000198fd800 Uncommon trap: reason=class_check action=maybe_recompile pc=0x000000000317f170 method=java.lang.String.equals(Ljava/lang/Object;)Z @ 8
Event: 1.659 Thread 0x00000000198fd800 Uncommon trap: reason=unstable_if action=reinterpret pc=0x0000000003234940 method=java.lang.CharacterData.of(I)Ljava/lang/CharacterData; @ 4
Event: 1.735 Thread 0x00000000198fd800 Uncommon trap: reason=unstable_if action=reinterpret pc=0x000000000334e5dc method=sun.net.www.ParseUtil.encodePath(Ljava/lang/String;Z)Ljava/lang/String; @ 109
Event: 1.796 Thread 0x00000000198fd800 Uncommon trap: reason=unstable_if action=reinterpret pc=0x00000000033ff850 method=java.util.HashMap.isEmpty()Z @ 4
Event: 1.923 Thread 0x00000000198fd800 Uncommon trap: reason=array_check action=maybe_recompile pc=0x000000000344fb6c method=com.sun.javafx.css.SimpleSelector.applies(Ljavafx/css/Styleable;[Ljava/util/Set;I)Z @ 37
Event: 1.923 Thread 0x00000000198fd800 Uncommon trap: reason=array_check action=maybe_recompile pc=0x000000000344fb6c method=com.sun.javafx.css.SimpleSelector.applies(Ljavafx/css/Styleable;[Ljava/util/Set;I)Z @ 37
Event: 1.923 Thread 0x00000000198fd800 Uncommon trap: reason=array_check action=maybe_recompile pc=0x000000000344fb6c method=com.sun.javafx.css.SimpleSelector.applies(Ljavafx/css/Styleable;[Ljava/util/Set;I)Z @ 37
Event: 1.923 Thread 0x00000000198fd800 Uncommon trap: reason=array_check action=maybe_recompile pc=0x000000000344fb6c method=com.sun.javafx.css.SimpleSelector.applies(Ljavafx/css/Styleable;[Ljava/util/Set;I)Z @ 37
Event: 1.956 Thread 0x00000000198fd800 Uncommon trap: reason=array_check action=maybe_recompile pc=0x00000000034691c0 method=com.sun.javafx.css.SimpleSelector.applies(Ljavafx/css/Styleable;[Ljava/util/Set;I)Z @ 37
Event: 2.039 Thread 0x00000000198fd800 Uncommon trap: reason=unstable_if action=reinterpret pc=0x000000000348801c method=java.lang.ref.ReferenceQueue.poll()Ljava/lang/ref/Reference; @ 4

Internal exceptions (10 events):
Event: 1.448 Thread 0x00000000198fd800 Implicit null exception at 0x00000000032bd835 to 0x00000000032bdb3d
Event: 1.716 Thread 0x00000000198fd800 Exception <a 'java/io/FileNotFoundException'> (0x00000000d77a3788) thrown at [C:\workspace\8-2-build-windows-amd64-cygwin\jdk8u65\4987\hotspot\src\share\vm\prims\jni.cpp, line 709]
Event: 1.716 Thread 0x00000000198fd800 Exception <a 'java/io/FileNotFoundException'> (0x00000000d77a4a90) thrown at [C:\workspace\8-2-build-windows-amd64-cygwin\jdk8u65\4987\hotspot\src\share\vm\prims\jni.cpp, line 709]
Event: 1.718 Thread 0x00000000198fd800 Exception <a 'java/io/FileNotFoundException'> (0x00000000d77af000) thrown at [C:\workspace\8-2-build-windows-amd64-cygwin\jdk8u65\4987\hotspot\src\share\vm\prims\jni.cpp, line 709]
Event: 1.718 Thread 0x00000000198fd800 Exception <a 'java/io/FileNotFoundException'> (0x00000000d77b0278) thrown at [C:\workspace\8-2-build-windows-amd64-cygwin\jdk8u65\4987\hotspot\src\share\vm\prims\jni.cpp, line 709]
Event: 2.261 Thread 0x00000000198dd000 Exception <a 'java/lang/NullPointerException'> (0x00000000d63b15b8) thrown at [C:\workspace\8-2-build-windows-amd64-cygwin\jdk8u65\4987\hotspot\src\share\vm\interpreter\linkResolver.cpp, line 1280]
Event: 2.806 Thread 0x00000000198dd000 Exception <a 'java/lang/NullPointerException'> (0x00000000d63c3580) thrown at [C:\workspace\8-2-build-windows-amd64-cygwin\jdk8u65\4987\hotspot\src\share\vm\interpreter\linkResolver.cpp, line 1280]
Event: 2.822 Thread 0x00000000198dd000 Exception <a 'java/lang/NullPointerException'> (0x00000000d63d46d0) thrown at [C:\workspace\8-2-build-windows-amd64-cygwin\jdk8u65\4987\hotspot\src\share\vm\interpreter\linkResolver.cpp, line 1280]
Event: 3.620 Thread 0x00000000198dd000 Exception <a 'java/lang/NullPointerException'> (0x00000000d63e5940) thrown at [C:\workspace\8-2-build-windows-amd64-cygwin\jdk8u65\4987\hotspot\src\share\vm\interpreter\linkResolver.cpp, line 1280]
Event: 3.634 Thread 0x00000000198dd000 Exception <a 'java/lang/NullPointerException'> (0x00000000d63f6b20) thrown at [C:\workspace\8-2-build-windows-amd64-cygwin\jdk8u65\4987\hotspot\src\share\vm\interpreter\linkResolver.cpp, line 1280]

Events (10 events):
Event: 7.381 loading class com/sun/prism/shader/FillPgram_LinearGradient_PAD_Loader
Event: 7.381 loading class com/sun/prism/shader/FillPgram_LinearGradient_PAD_Loader done
Event: 7.391 loading class java/util/ArrayList$ListItr
Event: 7.391 loading class java/util/ArrayList$ListItr done
Event: 7.391 Executing VM operation: Deoptimize
Event: 7.392 Executing VM operation: Deoptimize done
Event: 7.392 loading class java/util/Collections$UnmodifiableList$1
Event: 7.392 loading class java/util/Collections$UnmodifiableList$1 done
Event: 7.402 loading class com/sun/javafx/sg/prism/NGPerspectiveCamera
Event: 7.402 loading class com/sun/javafx/sg/prism/NGPerspectiveCamera done


Dynamic libraries:
0x00007ff7f0710000 - 0x00007ff7f0747000 	C:\Program Files\Java\jdk1.8.0_65\bin\java.exe
0x00007ff8e1ea0000 - 0x00007ff8e2090000 	C:\WINDOWS\SYSTEM32\ntdll.dll
0x00007ff8e0c00000 - 0x00007ff8e0cb2000 	C:\WINDOWS\System32\KERNEL32.DLL
0x00007ff8df400000 - 0x00007ff8df6a5000 	C:\WINDOWS\System32\KERNELBASE.dll
0x00007ff8e1ac0000 - 0x00007ff8e1b63000 	C:\WINDOWS\System32\ADVAPI32.dll
0x00007ff8e0d50000 - 0x00007ff8e0dee000 	C:\WINDOWS\System32\msvcrt.dll
0x00007ff8e00f0000 - 0x00007ff8e0187000 	C:\WINDOWS\System32\sechost.dll
0x00007ff8e1250000 - 0x00007ff8e136f000 	C:\WINDOWS\System32\RPCRT4.dll
0x00007ff8e13d0000 - 0x00007ff8e1564000 	C:\WINDOWS\System32\USER32.dll
0x00007ff8dfe30000 - 0x00007ff8dfe51000 	C:\WINDOWS\System32\win32u.dll
0x00007ff8e09e0000 - 0x00007ff8e0a06000 	C:\WINDOWS\System32\GDI32.dll
0x00007ff8df0d0000 - 0x00007ff8df268000 	C:\WINDOWS\System32\gdi32full.dll
0x00007ff8dfeb0000 - 0x00007ff8dff4e000 	C:\WINDOWS\System32\msvcp_win.dll
0x00007ff8df300000 - 0x00007ff8df3fa000 	C:\WINDOWS\System32\ucrtbase.dll
0x00007ff8c9b20000 - 0x00007ff8c9da4000 	C:\WINDOWS\WinSxS\amd64_microsoft.windows.common-controls_6595b64144ccf1df_6.0.18362.1379_none_9e7ff3b3e45cc0c4\COMCTL32.dll
0x00007ff8e0df0000 - 0x00007ff8e1127000 	C:\WINDOWS\System32\combase.dll
0x00007ff8def70000 - 0x00007ff8deff1000 	C:\WINDOWS\System32\bcryptPrimitives.dll
0x00007ff8e00c0000 - 0x00007ff8e00ee000 	C:\WINDOWS\System32\IMM32.DLL
0x0000000058ca0000 - 0x0000000058d72000 	C:\Program Files\Java\jdk1.8.0_65\jre\bin\msvcr100.dll
0x0000000058d80000 - 0x0000000059609000 	C:\Program Files\Java\jdk1.8.0_65\jre\bin\server\jvm.dll
0x00007ff8e0020000 - 0x00007ff8e0028000 	C:\WINDOWS\System32\PSAPI.DLL
0x00007ff8cd870000 - 0x00007ff8cd87a000 	C:\WINDOWS\SYSTEM32\VERSION.dll
0x00007ff8daa80000 - 0x00007ff8daaa4000 	C:\WINDOWS\SYSTEM32\WINMM.dll
0x00007ff8d7a20000 - 0x00007ff8d7a29000 	C:\WINDOWS\SYSTEM32\WSOCK32.dll
0x00007ff8e0cc0000 - 0x00007ff8e0d2f000 	C:\WINDOWS\System32\WS2_32.dll
0x00007ff8daa50000 - 0x00007ff8daa7d000 	C:\WINDOWS\SYSTEM32\winmmbase.dll
0x00007ff8dfe60000 - 0x00007ff8dfeaa000 	C:\WINDOWS\System32\cfgmgr32.dll
0x0000000058c50000 - 0x0000000058c5f000 	C:\Program Files\Java\jdk1.8.0_65\jre\bin\verify.dll
0x0000000058c20000 - 0x0000000058c49000 	C:\Program Files\Java\jdk1.8.0_65\jre\bin\java.dll
0x0000000058c00000 - 0x0000000058c16000 	C:\Program Files\Java\jdk1.8.0_65\jre\bin\zip.dll
0x00007ff8e0190000 - 0x00007ff8e0878000 	C:\WINDOWS\System32\SHELL32.dll
0x00007ff8e11a0000 - 0x00007ff8e1247000 	C:\WINDOWS\System32\shcore.dll
0x00007ff8df6b0000 - 0x00007ff8dfe2b000 	C:\WINDOWS\System32\windows.storage.dll
0x00007ff8dedf0000 - 0x00007ff8dee13000 	C:\WINDOWS\System32\profapi.dll
0x00007ff8deda0000 - 0x00007ff8dedea000 	C:\WINDOWS\System32\powrprof.dll
0x00007ff8ded50000 - 0x00007ff8ded60000 	C:\WINDOWS\System32\UMPDC.dll
0x00007ff8e1a60000 - 0x00007ff8e1ab2000 	C:\WINDOWS\System32\shlwapi.dll
0x00007ff8ded80000 - 0x00007ff8ded91000 	C:\WINDOWS\System32\kernel.appcore.dll
0x00007ff8df0b0000 - 0x00007ff8df0c7000 	C:\WINDOWS\System32\cryptsp.dll
0x00007ff8c02a0000 - 0x00007ff8c038f000 	C:\Program Files\Java\jdk1.8.0_65\jre\bin\msvcr120.dll
0x00007ff8bdc30000 - 0x00007ff8bdcd6000 	C:\Program Files\Java\jdk1.8.0_65\jre\bin\msvcp120.dll
0x00000000588d0000 - 0x00000000588f3000 	C:\Program Files\Java\jdk1.8.0_65\jre\bin\prism_d3d.dll
0x00007ff8adce0000 - 0x00007ff8adea7000 	C:\WINDOWS\system32\d3d9.dll
0x00007ff8dce90000 - 0x00007ff8dcebd000 	C:\WINDOWS\SYSTEM32\dwmapi.dll
0x00007ff8dd990000 - 0x00007ff8dd9b0000 	C:\WINDOWS\SYSTEM32\dxcore.dll
0x00007ff8dc980000 - 0x00007ff8dca19000 	C:\WINDOWS\system32\uxtheme.dll
0x00007ff88b800000 - 0x00007ff88dd3e000 	C:\WINDOWS\SYSTEM32\igdumdim64.dll
0x00007ff8e0a80000 - 0x00007ff8e0b45000 	C:\WINDOWS\System32\OLEAUT32.dll
0x00007ff8e0880000 - 0x00007ff8e09d7000 	C:\WINDOWS\System32\ole32.dll
0x00007ff8e1570000 - 0x00007ff8e19e0000 	C:\WINDOWS\System32\SETUPAPI.dll
0x00007ff8df270000 - 0x00007ff8df296000 	C:\WINDOWS\System32\bcrypt.dll
0x0000000058710000 - 0x0000000058753000 	C:\Program Files\Java\jdk1.8.0_65\jre\bin\glass.dll
0x00007ff8dff50000 - 0x00007ff8e0020000 	C:\WINDOWS\System32\COMDLG32.dll
0x00007ff8e1d20000 - 0x00007ff8e1e55000 	C:\WINDOWS\System32\MSCTF.dll
0x00007ff8d55b0000 - 0x00007ff8d5fef000 	C:\WINDOWS\SYSTEM32\igdusc64.dll
0x00000000588b0000 - 0x00000000588c4000 	C:\Program Files\Java\jdk1.8.0_65\jre\bin\javafx_font.dll
0x00007ff8d0280000 - 0x00007ff8d057e000 	C:\WINDOWS\SYSTEM32\dwrite.dll
0x00007ff8de110000 - 0x00007ff8de143000 	C:\WINDOWS\system32\rsaenh.dll
0x00007ff8dec30000 - 0x00007ff8dec55000 	C:\WINDOWS\SYSTEM32\USERENV.dll
0x00007ff8de760000 - 0x00007ff8de76c000 	C:\WINDOWS\SYSTEM32\CRYPTBASE.dll
0x0000000058be0000 - 0x0000000058bfa000 	C:\Program Files\Java\jdk1.8.0_65\jre\bin\net.dll
0x00007ff8de590000 - 0x00007ff8de5f7000 	C:\WINDOWS\system32\mswsock.dll
0x00007ff8de2a0000 - 0x00007ff8de2da000 	C:\WINDOWS\SYSTEM32\IPHLPAPI.DLL
0x00007ff8e00b0000 - 0x00007ff8e00b8000 	C:\WINDOWS\System32\NSI.dll
0x00007ff8d2430000 - 0x00007ff8d2446000 	C:\WINDOWS\SYSTEM32\dhcpcsvc6.DLL
0x00007ff8d28b0000 - 0x00007ff8d28cc000 	C:\WINDOWS\SYSTEM32\dhcpcsvc.DLL
0x00007ff8de2e0000 - 0x00007ff8de3ab000 	C:\WINDOWS\SYSTEM32\DNSAPI.dll
0x0000000058bc0000 - 0x0000000058bd1000 	C:\Program Files\Java\jdk1.8.0_65\jre\bin\nio.dll
0x00007ff8e0b50000 - 0x00007ff8e0bf2000 	C:\WINDOWS\System32\clbcatq.dll
0x00007ff8d9310000 - 0x00007ff8d94bf000 	C:\WINDOWS\SYSTEM32\WindowsCodecs.dll
0x00007ff8b3e50000 - 0x00007ff8b3e8b000 	C:\WINDOWS\system32\dataexchange.dll
0x00007ff8dbad0000 - 0x00007ff8dbd2b000 	C:\WINDOWS\system32\d3d11.dll
0x00007ff8db450000 - 0x00007ff8db62d000 	C:\WINDOWS\system32\dcomp.dll
0x00007ff8dda20000 - 0x00007ff8ddb0b000 	C:\WINDOWS\system32\dxgi.dll
0x00007ff8dcb40000 - 0x00007ff8dcd9a000 	C:\WINDOWS\system32\twinapi.appcore.dll
0x00007ff8dd050000 - 0x00007ff8dd079000 	C:\WINDOWS\system32\RMCLIENT.dll
0x00007ff8da610000 - 0x00007ff8da643000 	C:\Program Files\Common Files\Microsoft Shared\Ink\rtscom.dll
0x00007ff8d2660000 - 0x00007ff8d26fd000 	C:\WINDOWS\System32\TextInputFramework.dll
0x00007ff8d9750000 - 0x00007ff8d9a7a000 	C:\WINDOWS\System32\CoreUIComponents.dll
0x00007ff8dbd30000 - 0x00007ff8dbe04000 	C:\WINDOWS\System32\CoreMessaging.dll
0x00007ff8ddd90000 - 0x00007ff8dddc1000 	C:\WINDOWS\SYSTEM32\ntmarta.dll
0x00007ff8da820000 - 0x00007ff8da972000 	C:\WINDOWS\SYSTEM32\wintypes.dll
0x00007ff8d0dd0000 - 0x00007ff8d1077000 	C:\WINDOWS\System32\iertutil.dll
0x00007ff8dae90000 - 0x00007ff8db450000 	C:\WINDOWS\SYSTEM32\d2d1.dll
0x00007ff8d6f50000 - 0x00007ff8d7691000 	C:\WINDOWS\SYSTEM32\D3D10Warp.dll
0x00000000586f0000 - 0x0000000058701000 	C:\Program Files\Java\jdk1.8.0_65\jre\bin\prism_common.dll

VM Arguments:
jvm_args: -Dfile.encoding=UTF-8 
java_command: universityteachersevaluation.UniversityTeachersEvaluation
java_class_path (initial): C:\Users\kk\Documents\NetBeansProjects\CostSharing\dist\lib\fontawesomefx-8.1.jar;C:\Users\kk\Documents\NetBeansProjects\JDBC\dist\lib\mysql-connector-java-5.1.23-bin.jar;C:\Users\kk\Documents\NetBeansProjects\UniversityTeachersEvaluation\build\classes
Launcher Type: SUN_STANDARD

Environment Variables:
JAVA_HOME=C:\Program Files\Java\jdk1.8.0_65
PATH=C:\Ruby25-x64\bin;C:\Python27\;C:\Python27\Scripts;C:\Users\kk\AppData\Local\Programs\Python\Python35\Lib\site-packages\PyQt5;C:\Python35\Lib\site-packages\PyQt5;C:\ProgramData\Oracle\Java\javapath;C:\WINDOWS\system32;C:\WINDOWS;C:\WINDOWS\System32\Wbem;C:\WINDOWS\System32\WindowsPowerShell\v1.0\;C:\WINDOWS\System32\OpenSSH\;C:\Program Files\Dart\dart-sdk\bin;C:\Program Files (x86)\GtkSharp\2.12\bin;C:\Program Files\Git\cmd;C:\Program Files\Microsoft SQL Server\Client SDK\ODBC\130\Tools\Binn\;C:\Program Files (x86)\Microsoft SQL Server\140\Tools\Binn\;C:\Program Files\Microsoft SQL Server\140\Tools\Binn\;C:\Program Files\Microsoft SQL Server\140\DTS\Binn\;C:\Program Files (x86)\Microsoft SQL Server\150\DTS\Binn\;C:\Program Files\Microsoft SQL Server\130\Tools\Binn\;C:\Users\kk\AppData\Local\Android\Sdk\platform-tools\;C:\flu\flutter\flutter\bin;C:\Program Files (x86)\Yarn\bin\;C:\Users\kk\AppData\Roaming\npm;C:\Program Files\MongoDB\Server\4.2\bin;C:\node-v12.14.1-win-x64;C:\node-v12.14.1-win-x64\node-v12.14.1-win-x64;C:\Users\kk\AppData\Local\Yarn\bin;C:\Program Files\PuTTY\;C:\dart-sdk;C:\Python35;C:\Users\kk\AppData\Roaming\Microsoft\Windows\Start Menu\Programs\Python 3.7;C:\HashiCorp\Vagrant\bin;C:\Go\bin;D:\Season 01\apache-maven-3.6.3\bin;C:\spring-1.3.5.BUILD-SNAPSHOT\bin;C:\Program Files\Java\jdk1.8.0_65\bin;C:\Program Files (x86)\Common Files\lenovo\easyplussdk\bin;C:\wamp64\bin\php\php5.6.40;C:\composer;C:\Users\kk\AppData\Local\Programs\Python\Python37\Scripts\;C:\Users\kk\AppData\Local\Programs\Python\Python37\;C:\Program Files\MySQL\MySQL Shell 8.0\bin\;C:\Users\kk\AppData\Local\Programs\Microsoft VS Code\bin;C:\Users\kk\go\bin;C:\Users\kk\AppData\Local\Microsoft\WindowsApps;C:\flutter\flutter\bin;C:\Users\kk\AppData\Roaming\Composer\vendor\bin
USERNAME=kk
OS=Windows_NT
PROCESSOR_IDENTIFIER=Intel64 Family 6 Model 69 Stepping 1, GenuineIntel



---------------  S Y S T E M  ---------------

OS: Windows 10.0 , 64 bit Build 18362 (10.0.18362.1350)

CPU:total 4 (2 cores per cpu, 2 threads per core) family 6 model 69 stepping 1, cmov, cx8, fxsr, mmx, sse, sse2, sse3, ssse3, sse4.1, sse4.2, popcnt, avx, avx2, aes, clmul, erms, lzcnt, ht, tsc, tscinvbit, bmi1, bmi2

Memory: 4k page, physical 8283244k(1502696k free), swap 8283244k(4428k free)

vm_info: Java HotSpot(TM) 64-Bit Server VM (25.65-b01) for windows-amd64 JRE (1.8.0_65-b17), built on Oct  6 2015 16:39:20 by "java_re" with MS VC++ 10.0 (VS2010)

time: Sat Mar 06 09:54:21 2021
elapsed time: 8 seconds (0d 0h 0m 8s)

