#
# There is insufficient memory for the Java Runtime Environment to continue.
# Native memory allocation (malloc) failed to allocate 944896 bytes for Chunk::new
# Possible reasons:
#   The system is out of physical RAM or swap space
#   In 32 bit mode, the process size limit was hit
# Possible solutions:
#   Reduce memory load on the system
#   Increase physical memory or swap space
#   Check if swap backing store is full
#   Use 64 bit Java on a 64 bit OS
#   Decrease Java heap size (-Xmx/-Xms)
#   Decrease number of Java threads
#   Decrease Java thread stack sizes (-Xss)
#   Set larger code cache with -XX:ReservedCodeCacheSize=
# This output file may be truncated or incomplete.
#
#  Out of Memory Error (allocation.cpp:390), pid=1496, tid=11388
#
# JRE version: Java(TM) SE Runtime Environment (8.0_65-b17) (build 1.8.0_65-b17)
# Java VM: Java HotSpot(TM) 64-Bit Server VM (25.65-b01 mixed mode windows-amd64 compressed oops)
# Failed to write core dump. Minidumps are not enabled by default on client versions of Windows
#

---------------  T H R E A D  ---------------

Current thread (0x000000001773f800):  JavaThread "C2 CompilerThread0" daemon [_thread_in_native, id=11388, stack(0x0000000018d90000,0x0000000018e90000)]

Stack: [0x0000000018d90000,0x0000000018e90000]
[error occurred during error reporting (printing stack bounds), id 0xc0000005]

Native frames: (J=compiled Java code, j=interpreted, Vv=VM code, C=native code)


Current CompileTask:
C2:  29676 2341       4       com.sun.javafx.css.StyleManager$Cache::getStyleMap (400 bytes)


---------------  P R O C E S S  ---------------

Java Threads: ( => current thread )
  0x0000000019bd4000 JavaThread "GC Daemon" daemon [_thread_blocked, id=2248, stack(0x0000000024f70000,0x0000000025070000)]
  0x0000000019bd3800 JavaThread "RMI RenewClean-[192.168.1.104:50077]" daemon [_thread_blocked, id=4172, stack(0x0000000024e70000,0x0000000024f70000)]
  0x0000000019bcd800 JavaThread "RMI Scheduler(0)" daemon [_thread_blocked, id=9876, stack(0x0000000024d70000,0x0000000024e70000)]
  0x00000000197f4800 JavaThread "Prism Font Disposer" daemon [_thread_blocked, id=10312, stack(0x0000000020540000,0x0000000020640000)]
  0x00000000197db000 JavaThread "JavaFX-Launcher" [_thread_blocked, id=9652, stack(0x000000001ed40000,0x000000001ee40000)]
  0x00000000197da000 JavaThread "Thread-2" daemon [_thread_in_native, id=2892, stack(0x000000001ec40000,0x000000001ed40000)]
  0x00000000196b3800 JavaThread "JavaFX Application Thread" [_thread_in_native, id=4048, stack(0x000000001a270000,0x000000001a370000)]
  0x00000000196a2800 JavaThread "Thread-1" daemon [_thread_blocked, id=11204, stack(0x000000001a170000,0x000000001a270000)]
  0x0000000019480800 JavaThread "QuantumRenderer-0" daemon [_thread_blocked, id=10088, stack(0x0000000019e90000,0x0000000019f90000)]
  0x000000001779d000 JavaThread "Service Thread" daemon [_thread_blocked, id=10624, stack(0x0000000019490000,0x0000000019590000)]
  0x0000000017749800 JavaThread "C1 CompilerThread2" daemon [_thread_blocked, id=13516, stack(0x0000000018f90000,0x0000000019090000)]
  0x0000000017742800 JavaThread "C2 CompilerThread1" daemon [_thread_blocked, id=11156, stack(0x0000000018e90000,0x0000000018f90000)]
=>0x000000001773f800 JavaThread "C2 CompilerThread0" daemon [_thread_in_native, id=11388, stack(0x0000000018d90000,0x0000000018e90000)]
  0x000000001773e000 JavaThread "Attach Listener" daemon [_thread_blocked, id=11528, stack(0x0000000018c90000,0x0000000018d90000)]
  0x000000001773d000 JavaThread "Signal Dispatcher" daemon [_thread_blocked, id=14312, stack(0x0000000018b90000,0x0000000018c90000)]
  0x0000000002be7800 JavaThread "Finalizer" daemon [_thread_blocked, id=700, stack(0x0000000018990000,0x0000000018a90000)]
  0x0000000002bde800 JavaThread "Reference Handler" daemon [_thread_blocked, id=488, stack(0x0000000018890000,0x0000000018990000)]
  0x0000000002aee000 JavaThread "main" [_thread_blocked, id=6880, stack(0x0000000002970000,0x0000000002a70000)]

Other Threads:
  0x0000000017708000 VMThread [stack: 0x0000000018790000,0x0000000018890000] [id=13300]
  0x00000000190db800 WatcherThread [stack: 0x0000000019590000,0x0000000019690000] [id=6984]

VM state:not at safepoint (normal execution)

VM Mutex/Monitor currently owned by a thread: None

Heap:
 PSYoungGen      total 38400K, used 7759K [0x00000000d5d80000, 0x00000000d8800000, 0x0000000100000000)
  eden space 33280K, 23% used [0x00000000d5d80000,0x00000000d6513ce0,0x00000000d7e00000)
  from space 5120K, 0% used [0x00000000d8300000,0x00000000d8300000,0x00000000d8800000)
  to   space 5120K, 0% used [0x00000000d7e00000,0x00000000d7e00000,0x00000000d8300000)
 ParOldGen       total 87552K, used 9010K [0x0000000081800000, 0x0000000086d80000, 0x00000000d5d80000)
  object space 87552K, 10% used [0x0000000081800000,0x00000000820cc938,0x0000000086d80000)
 Metaspace       used 19488K, capacity 20848K, committed 21120K, reserved 1067008K
  class space    used 2860K, capacity 3131K, committed 3200K, reserved 1048576K

Card table byte_map: [0x0000000011fb0000,0x00000000123b0000] byte_map_base: 0x0000000011ba4000

Marking Bits: (ParMarkBitMap*) 0x000000005958a5b0
 Begin Bits: [0x0000000012a60000, 0x0000000014a00000)
 End Bits:   [0x0000000014a00000, 0x00000000169a0000)

Polling page: 0x0000000001050000

CodeCache: size=245760Kb used=7345Kb max_used=7355Kb free=238414Kb
 bounds [0x0000000002bf0000, 0x0000000003330000, 0x0000000011bf0000]
 total_blobs=3094 nmethods=2423 adapters=583
 compilation: enabled

Compilation events (10 events):
Event: 29.594 Thread 0x0000000017749800 2397       3       javafx.scene.layout.Region$StyleableProperties$1::isSettable (23 bytes)
Event: 29.594 Thread 0x0000000017749800 nmethod 2397 0x000000000330d350 code [0x000000000330d4c0, 0x000000000330d7a8]
Event: 29.594 Thread 0x0000000017749800 2405       1       javafx.scene.layout.Region::isResizable (2 bytes)
Event: 29.594 Thread 0x0000000017749800 nmethod 2405 0x000000000331fb10 code [0x000000000331fc60, 0x000000000331fd70]
Event: 29.595 Thread 0x0000000017749800 2422       3       com.sun.javafx.event.EventHandlerManager::dispatchBubblingEvent (34 bytes)
Event: 29.595 Thread 0x0000000017742800 2423       4       com.sun.javafx.collections.VetoableListDecorator::size (10 bytes)
Event: 29.595 Thread 0x0000000017749800 nmethod 2422 0x000000000331f050 code [0x000000000331f200, 0x000000000331f8f8]
Event: 29.596 Thread 0x0000000017742800 nmethod 2423 0x000000000331ed10 code [0x000000000331ee60, 0x000000000331ef18]
Event: 29.597 Thread 0x0000000017749800 2424       3       java.util.concurrent.locks.AbstractQueuedSynchronizer::release (33 bytes)
Event: 29.597 Thread 0x0000000017749800 nmethod 2424 0x000000000331e790 code [0x000000000331e900, 0x000000000331ec18]

GC Heap History (6 events):
Event: 1.728 GC heap before
{Heap before GC invocations=1 (full 0):
 PSYoungGen      total 38400K, used 33280K [0x00000000d5d80000, 0x00000000d8800000, 0x0000000100000000)
  eden space 33280K, 100% used [0x00000000d5d80000,0x00000000d7e00000,0x00000000d7e00000)
  from space 5120K, 0% used [0x00000000d8300000,0x00000000d8300000,0x00000000d8800000)
  to   space 5120K, 0% used [0x00000000d7e00000,0x00000000d7e00000,0x00000000d8300000)
 ParOldGen       total 87552K, used 0K [0x0000000081800000, 0x0000000086d80000, 0x00000000d5d80000)
  object space 87552K, 0% used [0x0000000081800000,0x0000000081800000,0x0000000086d80000)
 Metaspace       used 14308K, capacity 14922K, committed 15104K, reserved 1062912K
  class space    used 2131K, capacity 2296K, committed 2304K, reserved 1048576K
Event: 1.737 GC heap after
Heap after GC invocations=1 (full 0):
 PSYoungGen      total 38400K, used 5000K [0x00000000d5d80000, 0x00000000d8800000, 0x0000000100000000)
  eden space 33280K, 0% used [0x00000000d5d80000,0x00000000d5d80000,0x00000000d7e00000)
  from space 5120K, 97% used [0x00000000d7e00000,0x00000000d82e22d8,0x00000000d8300000)
  to   space 5120K, 0% used [0x00000000d8300000,0x00000000d8300000,0x00000000d8800000)
 ParOldGen       total 87552K, used 16K [0x0000000081800000, 0x0000000086d80000, 0x00000000d5d80000)
  object space 87552K, 0% used [0x0000000081800000,0x0000000081804000,0x0000000086d80000)
 Metaspace       used 14308K, capacity 14922K, committed 15104K, reserved 1062912K
  class space    used 2131K, capacity 2296K, committed 2304K, reserved 1048576K
}
Event: 28.786 GC heap before
{Heap before GC invocations=2 (full 0):
 PSYoungGen      total 38400K, used 17542K [0x00000000d5d80000, 0x00000000d8800000, 0x0000000100000000)
  eden space 33280K, 37% used [0x00000000d5d80000,0x00000000d69bf620,0x00000000d7e00000)
  from space 5120K, 97% used [0x00000000d7e00000,0x00000000d82e22d8,0x00000000d8300000)
  to   space 5120K, 0% used [0x00000000d8300000,0x00000000d8300000,0x00000000d8800000)
 ParOldGen       total 87552K, used 16K [0x0000000081800000, 0x0000000086d80000, 0x00000000d5d80000)
  object space 87552K, 0% used [0x0000000081800000,0x0000000081804000,0x0000000086d80000)
 Metaspace       used 17859K, capacity 18774K, committed 19072K, reserved 1064960K
  class space    used 2617K, capacity 2834K, committed 2944K, reserved 1048576K
Event: 28.798 GC heap after
Heap after GC invocations=2 (full 0):
 PSYoungGen      total 38400K, used 5114K [0x00000000d5d80000, 0x00000000d8800000, 0x0000000100000000)
  eden space 33280K, 0% used [0x00000000d5d80000,0x00000000d5d80000,0x00000000d7e00000)
  from space 5120K, 99% used [0x00000000d8300000,0x00000000d87fea98,0x00000000d8800000)
  to   space 5120K, 0% used [0x00000000d7e00000,0x00000000d7e00000,0x00000000d8300000)
 ParOldGen       total 87552K, used 6018K [0x0000000081800000, 0x0000000086d80000, 0x00000000d5d80000)
  object space 87552K, 6% used [0x0000000081800000,0x0000000081de0b60,0x0000000086d80000)
 Metaspace       used 17859K, capacity 18774K, committed 19072K, reserved 1064960K
  class space    used 2617K, capacity 2834K, committed 2944K, reserved 1048576K
}
Event: 28.798 GC heap before
{Heap before GC invocations=3 (full 1):
 PSYoungGen      total 38400K, used 5114K [0x00000000d5d80000, 0x00000000d8800000, 0x0000000100000000)
  eden space 33280K, 0% used [0x00000000d5d80000,0x00000000d5d80000,0x00000000d7e00000)
  from space 5120K, 99% used [0x00000000d8300000,0x00000000d87fea98,0x00000000d8800000)
  to   space 5120K, 0% used [0x00000000d7e00000,0x00000000d7e00000,0x00000000d8300000)
 ParOldGen       total 87552K, used 6018K [0x0000000081800000, 0x0000000086d80000, 0x00000000d5d80000)
  object space 87552K, 6% used [0x0000000081800000,0x0000000081de0b60,0x0000000086d80000)
 Metaspace       used 17859K, capacity 18774K, committed 19072K, reserved 1064960K
  class space    used 2617K, capacity 2834K, committed 2944K, reserved 1048576K
Event: 28.858 GC heap after
Heap after GC invocations=3 (full 1):
 PSYoungGen      total 38400K, used 0K [0x00000000d5d80000, 0x00000000d8800000, 0x0000000100000000)
  eden space 33280K, 0% used [0x00000000d5d80000,0x00000000d5d80000,0x00000000d7e00000)
  from space 5120K, 0% used [0x00000000d8300000,0x00000000d8300000,0x00000000d8800000)
  to   space 5120K, 0% used [0x00000000d7e00000,0x00000000d7e00000,0x00000000d8300000)
 ParOldGen       total 87552K, used 9010K [0x0000000081800000, 0x0000000086d80000, 0x00000000d5d80000)
  object space 87552K, 10% used [0x0000000081800000,0x00000000820cc938,0x0000000086d80000)
 Metaspace       used 17859K, capacity 18774K, committed 19072K, reserved 1064960K
  class space    used 2617K, capacity 2834K, committed 2944K, reserved 1048576K
}

Deoptimization events (10 events):
Event: 1.657 Thread 0x00000000196b3800 Uncommon trap: reason=array_check action=maybe_recompile pc=0x0000000002fee480 method=com.sun.javafx.css.SimpleSelector.applies(Ljavafx/css/Styleable;[Ljava/util/Set;I)Z @ 37
Event: 1.690 Thread 0x00000000196b3800 Uncommon trap: reason=array_check action=maybe_recompile pc=0x0000000002ff96bc method=com.sun.javafx.css.SimpleSelector.applies(Ljavafx/css/Styleable;[Ljava/util/Set;I)Z @ 37
Event: 1.880 Thread 0x00000000196b3800 Uncommon trap: reason=unstable_if action=reinterpret pc=0x000000000302455c method=java.lang.ref.ReferenceQueue.poll()Ljava/lang/ref/Reference; @ 4
Event: 1.893 Thread 0x00000000196b3800 Uncommon trap: reason=array_check action=maybe_recompile pc=0x0000000003063b68 method=com.sun.javafx.css.CompoundSelector.applies(Ljavafx/css/Styleable;[Ljava/util/Set;I)Z @ 128
Event: 1.893 Thread 0x00000000196b3800 Uncommon trap: reason=array_check action=maybe_recompile pc=0x0000000003063b68 method=com.sun.javafx.css.CompoundSelector.applies(Ljavafx/css/Styleable;[Ljava/util/Set;I)Z @ 128
Event: 1.893 Thread 0x00000000196b3800 Uncommon trap: reason=array_check action=maybe_recompile pc=0x0000000003063b68 method=com.sun.javafx.css.CompoundSelector.applies(Ljavafx/css/Styleable;[Ljava/util/Set;I)Z @ 128
Event: 1.893 Thread 0x00000000196b3800 Uncommon trap: reason=array_check action=maybe_recompile pc=0x0000000003063b68 method=com.sun.javafx.css.CompoundSelector.applies(Ljavafx/css/Styleable;[Ljava/util/Set;I)Z @ 128
Event: 28.465 Thread 0x00000000196b3800 Uncommon trap: reason=unstable_if action=reinterpret pc=0x0000000002f2f428 method=jdk.internal.org.objectweb.asm.Type.getArgumentsAndReturnSizes(Ljava/lang/String;)I @ 47
Event: 29.368 Thread 0x00000000196b3800 Uncommon trap: reason=unstable_if action=reinterpret pc=0x000000000308852c method=javafx.scene.CssStyleHelper.lookup(Ljavafx/css/Styleable;Ljavafx/css/CssMetaData;Lcom/sun/javafx/css/StyleMap;Ljava/util/Set;Ljavafx/css/Styleable;Lcom/sun/javafx/css/Calculab3¿K†=@
Event: 29.525 Thread 0x00000000196b3800 Uncommon trap: reason=unstable_if action=reinterpret pc=0x00000000030c7cd8 method=com.sun.javafx.css.CompoundSelector.applies(Ljavafx/css/Styleable;I[Ljava/util/Set;I)Z @ 125

Internal exceptions (10 events):
Event: 1.054 Thread 0x00000000196b3800 Exception <a 'java/lang/ArrayIndexOutOfBoundsException': 84> (0x00000000d6ec88e0) thrown at [C:\workspace\8-2-build-windows-amd64-cygwin\jdk8u65\4987\hotspot\src\share\vm\interpreter\interpreterRuntime.cpp, line 366]
Event: 1.056 Thread 0x00000000196b3800 Exception <a 'java/lang/ArrayIndexOutOfBoundsException': 49> (0x00000000d6eeeea0) thrown at [C:\workspace\8-2-build-windows-amd64-cygwin\jdk8u65\4987\hotspot\src\share\vm\interpreter\interpreterRuntime.cpp, line 366]
Event: 1.219 Thread 0x00000000196b3800 Implicit null exception at 0x0000000002e3d335 to 0x0000000002e3d505
Event: 1.504 Thread 0x00000000196b3800 Exception <a 'java/io/FileNotFoundException'> (0x00000000d77a65a8) thrown at [C:\workspace\8-2-build-windows-amd64-cygwin\jdk8u65\4987\hotspot\src\share\vm\prims\jni.cpp, line 709]
Event: 1.504 Thread 0x00000000196b3800 Exception <a 'java/io/FileNotFoundException'> (0x00000000d77a7930) thrown at [C:\workspace\8-2-build-windows-amd64-cygwin\jdk8u65\4987\hotspot\src\share\vm\prims\jni.cpp, line 709]
Event: 1.506 Thread 0x00000000196b3800 Exception <a 'java/io/FileNotFoundException'> (0x00000000d77ad4a8) thrown at [C:\workspace\8-2-build-windows-amd64-cygwin\jdk8u65\4987\hotspot\src\share\vm\prims\jni.cpp, line 709]
Event: 1.506 Thread 0x00000000196b3800 Exception <a 'java/io/FileNotFoundException'> (0x00000000d77ae720) thrown at [C:\workspace\8-2-build-windows-amd64-cygwin\jdk8u65\4987\hotspot\src\share\vm\prims\jni.cpp, line 709]
Event: 28.862 Thread 0x00000000196b3800 Exception <a 'java/lang/NoSuchMethodError': <clinit>> (0x00000000d5d86110) thrown at [C:\workspace\8-2-build-windows-amd64-cygwin\jdk8u65\4987\hotspot\src\share\vm\prims\jni.cpp, line 1591]
Event: 28.866 Thread 0x00000000196b3800 Exception <a 'java/lang/NoSuchMethodError': <clinit>> (0x00000000d5da4950) thrown at [C:\workspace\8-2-build-windows-amd64-cygwin\jdk8u65\4987\hotspot\src\share\vm\prims\jni.cpp, line 1591]
Event: 28.876 Thread 0x0000000019bd3800 Exception <a 'java/lang/InterruptedException'> (0x00000000d5e100f0) thrown at [C:\workspace\8-2-build-windows-amd64-cygwin\jdk8u65\4987\hotspot\src\share\vm\runtime\objectMonitor.cpp, line 1683]

Events (10 events):
Event: 29.578 Thread 0x00000000196b3800 DEOPT PACKING pc=0x00000000031f958c sp=0x000000001a36d370
Event: 29.578 Thread 0x00000000196b3800 DEOPT UNPACKING pc=0x0000000002c3787f sp=0x000000001a36d060 mode 0
Event: 29.578 Thread 0x00000000196b3800 DEOPT PACKING pc=0x00000000031a775c sp=0x000000001a36d730
Event: 29.578 Thread 0x00000000196b3800 DEOPT UNPACKING pc=0x0000000002c3787f sp=0x000000001a36d448 mode 0
Event: 29.578 Thread 0x00000000196b3800 DEOPT PACKING pc=0x00000000031f90d4 sp=0x000000001a36da10
Event: 29.578 Thread 0x00000000196b3800 DEOPT UNPACKING pc=0x0000000002c3787f sp=0x000000001a36d700 mode 0
Event: 29.596 loading class java/lang/Throwable$WrappedPrintStream
Event: 29.596 loading class java/lang/Throwable$WrappedPrintStream done
Event: 29.596 Executing VM operation: RevokeBias
Event: 29.597 Executing VM operation: RevokeBias done


Dynamic libraries:
0x00007ff7f0710000 - 0x00007ff7f0747000 	C:\Program Files\Java\jdk1.8.0_65\bin\java.exe
0x00007ff8e1ea0000 - 0x00007ff8e2090000 	C:\WINDOWS\SYSTEM32\ntdll.dll
0x00007ff8e0c00000 - 0x00007ff8e0cb2000 	C:\WINDOWS\System32\KERNEL32.DLL
0x00007ff8df400000 - 0x00007ff8df6a5000 	C:\WINDOWS\System32\KERNELBASE.dll
0x00007ff8e1ac0000 - 0x00007ff8e1b63000 	C:\WINDOWS\System32\ADVAPI32.dll
0x00007ff8e0d50000 - 0x00007ff8e0dee000 	C:\WINDOWS\System32\msvcrt.dll
0x00007ff8e00f0000 - 0x00007ff8e0187000 	C:\WINDOWS\System32\sechost.dll
0x00007ff8e1250000 - 0x00007ff8e136f000 	C:\WINDOWS\System32\RPCRT4.dll
0x00007ff8e13d0000 - 0x00007ff8e1564000 	C:\WINDOWS\System32\USER32.dll
0x00007ff8dfe30000 - 0x00007ff8dfe51000 	C:\WINDOWS\System32\win32u.dll
0x00007ff8e09e0000 - 0x00007ff8e0a06000 	C:\WINDOWS\System32\GDI32.dll
0x00007ff8df0d0000 - 0x00007ff8df268000 	C:\WINDOWS\System32\gdi32full.dll
0x00007ff8dfeb0000 - 0x00007ff8dff4e000 	C:\WINDOWS\System32\msvcp_win.dll
0x00007ff8df300000 - 0x00007ff8df3fa000 	C:\WINDOWS\System32\ucrtbase.dll
0x00007ff8c9b20000 - 0x00007ff8c9da4000 	C:\WINDOWS\WinSxS\amd64_microsoft.windows.common-controls_6595b64144ccf1df_6.0.18362.1379_none_9e7ff3b3e45cc0c4\COMCTL32.dll
0x00007ff8e0df0000 - 0x00007ff8e1127000 	C:\WINDOWS\System32\combase.dll
0x00007ff8def70000 - 0x00007ff8deff1000 	C:\WINDOWS\System32\bcryptPrimitives.dll
0x00007ff8e00c0000 - 0x00007ff8e00ee000 	C:\WINDOWS\System32\IMM32.DLL
0x0000000058ca0000 - 0x0000000058d72000 	C:\Program Files\Java\jdk1.8.0_65\jre\bin\msvcr100.dll
0x0000000058d80000 - 0x0000000059609000 	C:\Program Files\Java\jdk1.8.0_65\jre\bin\server\jvm.dll
0x00007ff8e0020000 - 0x00007ff8e0028000 	C:\WINDOWS\System32\PSAPI.DLL
0x00007ff8daa80000 - 0x00007ff8daaa4000 	C:\WINDOWS\SYSTEM32\WINMM.dll
0x00007ff8d7a20000 - 0x00007ff8d7a29000 	C:\WINDOWS\SYSTEM32\WSOCK32.dll
0x00007ff8e0cc0000 - 0x00007ff8e0d2f000 	C:\WINDOWS\System32\WS2_32.dll
0x00007ff8cd870000 - 0x00007ff8cd87a000 	C:\WINDOWS\SYSTEM32\VERSION.dll
0x00007ff8daa50000 - 0x00007ff8daa7d000 	C:\WINDOWS\SYSTEM32\winmmbase.dll
0x00007ff8dfe60000 - 0x00007ff8dfeaa000 	C:\WINDOWS\System32\cfgmgr32.dll
0x0000000058c50000 - 0x0000000058c5f000 	C:\Program Files\Java\jdk1.8.0_65\jre\bin\verify.dll
0x0000000058c20000 - 0x0000000058c49000 	C:\Program Files\Java\jdk1.8.0_65\jre\bin\java.dll
0x0000000058c00000 - 0x0000000058c16000 	C:\Program Files\Java\jdk1.8.0_65\jre\bin\zip.dll
0x00007ff8e0190000 - 0x00007ff8e0878000 	C:\WINDOWS\System32\SHELL32.dll
0x00007ff8e11a0000 - 0x00007ff8e1247000 	C:\WINDOWS\System32\shcore.dll
0x00007ff8df6b0000 - 0x00007ff8dfe2b000 	C:\WINDOWS\System32\windows.storage.dll
0x00007ff8dedf0000 - 0x00007ff8dee13000 	C:\WINDOWS\System32\profapi.dll
0x00007ff8deda0000 - 0x00007ff8dedea000 	C:\WINDOWS\System32\powrprof.dll
0x00007ff8ded50000 - 0x00007ff8ded60000 	C:\WINDOWS\System32\UMPDC.dll
0x00007ff8e1a60000 - 0x00007ff8e1ab2000 	C:\WINDOWS\System32\shlwapi.dll
0x00007ff8ded80000 - 0x00007ff8ded91000 	C:\WINDOWS\System32\kernel.appcore.dll
0x00007ff8df0b0000 - 0x00007ff8df0c7000 	C:\WINDOWS\System32\cryptsp.dll
0x00007ff8c02a0000 - 0x00007ff8c038f000 	C:\Program Files\Java\jdk1.8.0_65\jre\bin\msvcr120.dll
0x00007ff8cf170000 - 0x00007ff8cf216000 	C:\Program Files\Java\jdk1.8.0_65\jre\bin\msvcp120.dll
0x00000000588d0000 - 0x00000000588f3000 	C:\Program Files\Java\jdk1.8.0_65\jre\bin\prism_d3d.dll
0x00007ff8bdb10000 - 0x00007ff8bdcd7000 	C:\WINDOWS\system32\d3d9.dll
0x00007ff8dce90000 - 0x00007ff8dcebd000 	C:\WINDOWS\SYSTEM32\dwmapi.dll
0x00007ff8dd990000 - 0x00007ff8dd9b0000 	C:\WINDOWS\SYSTEM32\dxcore.dll
0x00007ff8dc980000 - 0x00007ff8dca19000 	C:\WINDOWS\system32\uxtheme.dll
0x00007ff88b800000 - 0x00007ff88dd3e000 	C:\WINDOWS\SYSTEM32\igdumdim64.dll
0x00007ff8e0a80000 - 0x00007ff8e0b45000 	C:\WINDOWS\System32\OLEAUT32.dll
0x00007ff8e0880000 - 0x00007ff8e09d7000 	C:\WINDOWS\System32\ole32.dll
0x00007ff8e1570000 - 0x00007ff8e19e0000 	C:\WINDOWS\System32\SETUPAPI.dll
0x00007ff8df270000 - 0x00007ff8df296000 	C:\WINDOWS\System32\bcrypt.dll
0x0000000058710000 - 0x0000000058753000 	C:\Program Files\Java\jdk1.8.0_65\jre\bin\glass.dll
0x00007ff8dff50000 - 0x00007ff8e0020000 	C:\WINDOWS\System32\COMDLG32.dll
0x00007ff8e1d20000 - 0x00007ff8e1e55000 	C:\WINDOWS\System32\MSCTF.dll
0x00007ff8d55b0000 - 0x00007ff8d5fef000 	C:\WINDOWS\SYSTEM32\igdusc64.dll
0x00000000588b0000 - 0x00000000588c4000 	C:\Program Files\Java\jdk1.8.0_65\jre\bin\javafx_font.dll
0x00007ff8d0280000 - 0x00007ff8d057e000 	C:\WINDOWS\SYSTEM32\dwrite.dll
0x00007ff8de110000 - 0x00007ff8de143000 	C:\WINDOWS\system32\rsaenh.dll
0x00007ff8dec30000 - 0x00007ff8dec55000 	C:\WINDOWS\SYSTEM32\USERENV.dll
0x00007ff8de760000 - 0x00007ff8de76c000 	C:\WINDOWS\SYSTEM32\CRYPTBASE.dll
0x0000000058be0000 - 0x0000000058bfa000 	C:\Program Files\Java\jdk1.8.0_65\jre\bin\net.dll
0x00007ff8de590000 - 0x00007ff8de5f7000 	C:\WINDOWS\system32\mswsock.dll
0x00007ff8de2a0000 - 0x00007ff8de2da000 	C:\WINDOWS\SYSTEM32\IPHLPAPI.DLL
0x00007ff8e00b0000 - 0x00007ff8e00b8000 	C:\WINDOWS\System32\NSI.dll
0x00007ff8d2430000 - 0x00007ff8d2446000 	C:\WINDOWS\SYSTEM32\dhcpcsvc6.DLL
0x00007ff8d28b0000 - 0x00007ff8d28cc000 	C:\WINDOWS\SYSTEM32\dhcpcsvc.DLL
0x00007ff8de2e0000 - 0x00007ff8de3ab000 	C:\WINDOWS\SYSTEM32\DNSAPI.dll
0x0000000058bc0000 - 0x0000000058bd1000 	C:\Program Files\Java\jdk1.8.0_65\jre\bin\nio.dll
0x00007ff8e0b50000 - 0x00007ff8e0bf2000 	C:\WINDOWS\System32\clbcatq.dll
0x00007ff8d9310000 - 0x00007ff8d94bf000 	C:\WINDOWS\SYSTEM32\WindowsCodecs.dll
0x00007ff8b3e50000 - 0x00007ff8b3e8b000 	C:\WINDOWS\system32\dataexchange.dll
0x00007ff8dbad0000 - 0x00007ff8dbd2b000 	C:\WINDOWS\system32\d3d11.dll
0x00007ff8db450000 - 0x00007ff8db62d000 	C:\WINDOWS\system32\dcomp.dll
0x00007ff8dda20000 - 0x00007ff8ddb0b000 	C:\WINDOWS\system32\dxgi.dll
0x00007ff8dcb40000 - 0x00007ff8dcd9a000 	C:\WINDOWS\system32\twinapi.appcore.dll
0x00007ff8dd050000 - 0x00007ff8dd079000 	C:\WINDOWS\system32\RMCLIENT.dll
0x00007ff8da610000 - 0x00007ff8da643000 	C:\Program Files\Common Files\Microsoft Shared\Ink\rtscom.dll
0x00007ff8dae90000 - 0x00007ff8db450000 	C:\WINDOWS\SYSTEM32\d2d1.dll
0x00007ff8d6f50000 - 0x00007ff8d7691000 	C:\WINDOWS\SYSTEM32\D3D10Warp.dll
0x00000000586f0000 - 0x0000000058701000 	C:\Program Files\Java\jdk1.8.0_65\jre\bin\prism_common.dll
0x00007ff8d2660000 - 0x00007ff8d26fd000 	C:\WINDOWS\System32\TextInputFramework.dll
0x00007ff8dbd30000 - 0x00007ff8dbe04000 	C:\WINDOWS\System32\CoreMessaging.dll
0x00007ff8d9750000 - 0x00007ff8d9a7a000 	C:\WINDOWS\System32\CoreUIComponents.dll
0x00007ff8ddd90000 - 0x00007ff8dddc1000 	C:\WINDOWS\SYSTEM32\ntmarta.dll
0x00007ff8da820000 - 0x00007ff8da972000 	C:\WINDOWS\SYSTEM32\wintypes.dll
0x00007ff8d0dd0000 - 0x00007ff8d1077000 	C:\WINDOWS\System32\iertutil.dll
0x00007ff8ca3d0000 - 0x00007ff8ca3e6000 	C:\WINDOWS\system32\napinsp.dll
0x00007ff8ca390000 - 0x00007ff8ca3aa000 	C:\WINDOWS\system32\pnrpnsp.dll
0x00007ff8ca3c0000 - 0x00007ff8ca3ce000 	C:\WINDOWS\System32\winrnr.dll
0x00007ff8da5b0000 - 0x00007ff8da5cc000 	C:\WINDOWS\system32\NLAapi.dll
0x00007ff8d36a0000 - 0x00007ff8d36b5000 	C:\WINDOWS\system32\wshbth.dll
0x00007ff8d3900000 - 0x00007ff8d390a000 	C:\Windows\System32\rasadhlp.dll
0x00007ff8d22f0000 - 0x00007ff8d2367000 	C:\WINDOWS\System32\fwpuclnt.dll

VM Arguments:
jvm_args: -Dfile.encoding=UTF-8 
java_command: universityteachersevaluation.UniversityTeachersEvaluation
java_class_path (initial): C:\Users\kk\Documents\NetBeansProjects\CostSharing\dist\lib\fontawesomefx-8.1.jar;C:\Users\kk\Documents\NetBeansProjects\JDBC\dist\lib\mysql-connector-java-5.1.23-bin.jar;C:\Users\kk\Documents\NetBeansProjects\UniversityTeachersEvaluation\build\classes
Launcher Type: SUN_STANDARD

Environment Variables:
JAVA_HOME=C:\Program Files\Java\jdk1.8.0_65
PATH=C:\Ruby25-x64\bin;C:\Python27\;C:\Python27\Scripts;C:\Users\kk\AppData\Local\Programs\Python\Python35\Lib\site-packages\PyQt5;C:\Python35\Lib\site-packages\PyQt5;C:\ProgramData\Oracle\Java\javapath;C:\WINDOWS\system32;C:\WINDOWS;C:\WINDOWS\System32\Wbem;C:\WINDOWS\System32\WindowsPowerShell\v1.0\;C:\WINDOWS\System32\OpenSSH\;C:\Program Files\Dart\dart-sdk\bin;C:\Program Files (x86)\GtkSharp\2.12\bin;C:\Program Files\Git\cmd;C:\Program Files\Microsoft SQL Server\Client SDK\ODBC\130\Tools\Binn\;C:\Program Files (x86)\Microsoft SQL Server\140\Tools\Binn\;C:\Program Files\Microsoft SQL Server\140\Tools\Binn\;C:\Program Files\Microsoft SQL Server\140\DTS\Binn\;C:\Program Files (x86)\Microsoft SQL Server\150\DTS\Binn\;C:\Program Files\Microsoft SQL Server\130\Tools\Binn\;C:\Users\kk\AppData\Local\Android\Sdk\platform-tools\;C:\flu\flutter\flutter\bin;C:\Program Files (x86)\Yarn\bin\;C:\Users\kk\AppData\Roaming\npm;C:\Program Files\MongoDB\Server\4.2\bin;C:\node-v12.14.1-win-x64;C:\node-v12.14.1-win-x64\node-v12.14.1-win-x64;C:\Users\kk\AppData\Local\Yarn\bin;C:\Program Files\PuTTY\;C:\dart-sdk;C:\Python35;C:\Users\kk\AppData\Roaming\Microsoft\Windows\Start Menu\Programs\Python 3.7;C:\HashiCorp\Vagrant\bin;C:\Go\bin;D:\Season 01\apache-maven-3.6.3\bin;C:\spring-1.3.5.BUILD-SNAPSHOT\bin;C:\Program Files\Java\jdk1.8.0_65\bin;C:\Program Files (x86)\Common Files\lenovo\easyplussdk\bin;C:\wamp64\bin\php\php5.6.40;C:\composer;C:\Users\kk\AppData\Local\Programs\Python\Python37\Scripts\;C:\Users\kk\AppData\Local\Programs\Python\Python37\;C:\Program Files\MySQL\MySQL Shell 8.0\bin\;C:\Users\kk\AppData\Local\Programs\Microsoft VS Code\bin;C:\Users\kk\go\bin;C:\Users\kk\AppData\Local\Microsoft\WindowsApps;C:\flutter\flutter\bin;C:\Users\kk\AppData\Roaming\Composer\vendor\bin
USERNAME=kk
OS=Windows_NT
PROCESSOR_IDENTIFIER=Intel64 Family 6 Model 69 Stepping 1, GenuineIntel



---------------  S Y S T E M  ---------------

OS: Windows 10.0 , 64 bit Build 18362 (10.0.18362.1350)

CPU:total 4 (2 cores per cpu, 2 threads per core) family 6 model 69 stepping 1, cmov, cx8, fxsr, mmx, sse, sse2, sse3, ssse3, sse4.1, sse4.2, popcnt, avx, avx2, aes, clmul, erms, lzcnt, ht, tsc, tscinvbit, bmi1, bmi2

Memory: 4k page, physical 8283244k(1445244k free), swap 8283244k(5948k free)

vm_info: Java HotSpot(TM) 64-Bit Server VM (25.65-b01) for windows-amd64 JRE (1.8.0_65-b17), built on Oct  6 2015 16:39:20 by "java_re" with MS VC++ 10.0 (VS2010)

time: Sat Mar 06 09:44:39 2021
elapsed time: 29 seconds (0d 0h 0m 29s)

